CRITICAL - 2020-09-10 14:57:22 --> Undefined index: Titulo
#0 C:\xampp\htdocs\sisbomberos\app\Views\main\nav\noticias.php(26): CodeIgniter\Debug\Exceptions->errorHandler(8, 'Undefined index...', 'C:\\xampp\\htdocs...', 26, Array)
#1 C:\xampp\htdocs\sisbomberos\system\View\View.php(246): include('C:\\xampp\\htdocs...')
#2 C:\xampp\htdocs\sisbomberos\system\Common.php(1119): CodeIgniter\View\View->render('main/nav/notici...', Array, true)
#3 C:\xampp\htdocs\sisbomberos\app\Controllers\Noticias.php(22): view('main/nav/notici...', Array)
#4 C:\xampp\htdocs\sisbomberos\system\CodeIgniter.php(918): App\Controllers\Noticias->index()
#5 C:\xampp\htdocs\sisbomberos\system\CodeIgniter.php(404): CodeIgniter\CodeIgniter->runController(Object(App\Controllers\Noticias))
#6 C:\xampp\htdocs\sisbomberos\system\CodeIgniter.php(312): CodeIgniter\CodeIgniter->handleRequest(NULL, Object(Config\Cache), false)
#7 C:\xampp\htdocs\sisbomberos\index.php(45): CodeIgniter\CodeIgniter->run()
#8 {main}
CRITICAL - 2020-09-10 14:59:11 --> Cannot use object of type stdClass as array
#0 C:\xampp\htdocs\sisbomberos\system\View\View.php(246): include()
#1 C:\xampp\htdocs\sisbomberos\system\Common.php(1119): CodeIgniter\View\View->render('main/nav/notici...', Array, true)
#2 C:\xampp\htdocs\sisbomberos\app\Controllers\Noticias.php(22): view('main/nav/notici...', Array)
#3 C:\xampp\htdocs\sisbomberos\system\CodeIgniter.php(918): App\Controllers\Noticias->index()
#4 C:\xampp\htdocs\sisbomberos\system\CodeIgniter.php(404): CodeIgniter\CodeIgniter->runController(Object(App\Controllers\Noticias))
#5 C:\xampp\htdocs\sisbomberos\system\CodeIgniter.php(312): CodeIgniter\CodeIgniter->handleRequest(NULL, Object(Config\Cache), false)
#6 C:\xampp\htdocs\sisbomberos\index.php(45): CodeIgniter\CodeIgniter->run()
#7 {main}
CRITICAL - 2020-09-10 14:59:12 --> Cannot use object of type stdClass as array
#0 C:\xampp\htdocs\sisbomberos\system\View\View.php(246): include()
#1 C:\xampp\htdocs\sisbomberos\system\Common.php(1119): CodeIgniter\View\View->render('main/nav/notici...', Array, true)
#2 C:\xampp\htdocs\sisbomberos\app\Controllers\Noticias.php(22): view('main/nav/notici...', Array)
#3 C:\xampp\htdocs\sisbomberos\system\CodeIgniter.php(918): App\Controllers\Noticias->index()
#4 C:\xampp\htdocs\sisbomberos\system\CodeIgniter.php(404): CodeIgniter\CodeIgniter->runController(Object(App\Controllers\Noticias))
#5 C:\xampp\htdocs\sisbomberos\system\CodeIgniter.php(312): CodeIgniter\CodeIgniter->handleRequest(NULL, Object(Config\Cache), false)
#6 C:\xampp\htdocs\sisbomberos\index.php(45): CodeIgniter\CodeIgniter->run()
#7 {main}
CRITICAL - 2020-09-10 14:59:46 --> Cannot use object of type stdClass as array
#0 C:\xampp\htdocs\sisbomberos\system\View\View.php(246): include()
#1 C:\xampp\htdocs\sisbomberos\system\Common.php(1119): CodeIgniter\View\View->render('main/nav/notici...', Array, true)
#2 C:\xampp\htdocs\sisbomberos\app\Controllers\Noticias.php(22): view('main/nav/notici...', Array)
#3 C:\xampp\htdocs\sisbomberos\system\CodeIgniter.php(918): App\Controllers\Noticias->index()
#4 C:\xampp\htdocs\sisbomberos\system\CodeIgniter.php(404): CodeIgniter\CodeIgniter->runController(Object(App\Controllers\Noticias))
#5 C:\xampp\htdocs\sisbomberos\system\CodeIgniter.php(312): CodeIgniter\CodeIgniter->handleRequest(NULL, Object(Config\Cache), false)
#6 C:\xampp\htdocs\sisbomberos\index.php(45): CodeIgniter\CodeIgniter->run()
#7 {main}
CRITICAL - 2020-09-10 14:59:54 --> Object of class stdClass could not be converted to string
#0 C:\xampp\htdocs\sisbomberos\system\View\View.php(246): include()
#1 C:\xampp\htdocs\sisbomberos\system\Common.php(1119): CodeIgniter\View\View->render('main/nav/notici...', Array, true)
#2 C:\xampp\htdocs\sisbomberos\app\Controllers\Noticias.php(22): view('main/nav/notici...', Array)
#3 C:\xampp\htdocs\sisbomberos\system\CodeIgniter.php(918): App\Controllers\Noticias->index()
#4 C:\xampp\htdocs\sisbomberos\system\CodeIgniter.php(404): CodeIgniter\CodeIgniter->runController(Object(App\Controllers\Noticias))
#5 C:\xampp\htdocs\sisbomberos\system\CodeIgniter.php(312): CodeIgniter\CodeIgniter->handleRequest(NULL, Object(Config\Cache), false)
#6 C:\xampp\htdocs\sisbomberos\index.php(45): CodeIgniter\CodeIgniter->run()
#7 {main}
CRITICAL - 2020-09-10 14:59:55 --> Object of class stdClass could not be converted to string
#0 C:\xampp\htdocs\sisbomberos\system\View\View.php(246): include()
#1 C:\xampp\htdocs\sisbomberos\system\Common.php(1119): CodeIgniter\View\View->render('main/nav/notici...', Array, true)
#2 C:\xampp\htdocs\sisbomberos\app\Controllers\Noticias.php(22): view('main/nav/notici...', Array)
#3 C:\xampp\htdocs\sisbomberos\system\CodeIgniter.php(918): App\Controllers\Noticias->index()
#4 C:\xampp\htdocs\sisbomberos\system\CodeIgniter.php(404): CodeIgniter\CodeIgniter->runController(Object(App\Controllers\Noticias))
#5 C:\xampp\htdocs\sisbomberos\system\CodeIgniter.php(312): CodeIgniter\CodeIgniter->handleRequest(NULL, Object(Config\Cache), false)
#6 C:\xampp\htdocs\sisbomberos\index.php(45): CodeIgniter\CodeIgniter->run()
#7 {main}
CRITICAL - 2020-09-10 15:46:09 --> syntax error, unexpected 'endforeach' (T_ENDFOREACH)
#0 C:\xampp\htdocs\sisbomberos\system\Common.php(1119): CodeIgniter\View\View->render('main/nav/notici...', Array, true)
#1 C:\xampp\htdocs\sisbomberos\app\Controllers\Noticias.php(22): view('main/nav/notici...', Array)
#2 C:\xampp\htdocs\sisbomberos\system\CodeIgniter.php(918): App\Controllers\Noticias->index()
#3 C:\xampp\htdocs\sisbomberos\system\CodeIgniter.php(404): CodeIgniter\CodeIgniter->runController(Object(App\Controllers\Noticias))
#4 C:\xampp\htdocs\sisbomberos\system\CodeIgniter.php(312): CodeIgniter\CodeIgniter->handleRequest(NULL, Object(Config\Cache), false)
#5 C:\xampp\htdocs\sisbomberos\index.php(45): CodeIgniter\CodeIgniter->run()
#6 {main}
CRITICAL - 2020-09-10 16:11:50 --> syntax error, unexpected 'endforeach' (T_ENDFOREACH)
#0 C:\xampp\htdocs\sisbomberos\system\Common.php(1119): CodeIgniter\View\View->render('main/nav/notici...', Array, true)
#1 C:\xampp\htdocs\sisbomberos\app\Controllers\Noticias.php(22): view('main/nav/notici...', Array)
#2 C:\xampp\htdocs\sisbomberos\system\CodeIgniter.php(918): App\Controllers\Noticias->index()
#3 C:\xampp\htdocs\sisbomberos\system\CodeIgniter.php(404): CodeIgniter\CodeIgniter->runController(Object(App\Controllers\Noticias))
#4 C:\xampp\htdocs\sisbomberos\system\CodeIgniter.php(312): CodeIgniter\CodeIgniter->handleRequest(NULL, Object(Config\Cache), false)
#5 C:\xampp\htdocs\sisbomberos\index.php(45): CodeIgniter\CodeIgniter->run()
#6 {main}
CRITICAL - 2020-09-10 16:12:50 --> syntax error, unexpected end of file
#0 C:\xampp\htdocs\sisbomberos\system\Common.php(1119): CodeIgniter\View\View->render('main/nav/notici...', Array, true)
#1 C:\xampp\htdocs\sisbomberos\app\Controllers\Noticias.php(22): view('main/nav/notici...', Array)
#2 C:\xampp\htdocs\sisbomberos\system\CodeIgniter.php(918): App\Controllers\Noticias->index()
#3 C:\xampp\htdocs\sisbomberos\system\CodeIgniter.php(404): CodeIgniter\CodeIgniter->runController(Object(App\Controllers\Noticias))
#4 C:\xampp\htdocs\sisbomberos\system\CodeIgniter.php(312): CodeIgniter\CodeIgniter->handleRequest(NULL, Object(Config\Cache), false)
#5 C:\xampp\htdocs\sisbomberos\index.php(45): CodeIgniter\CodeIgniter->run()
#6 {main}
CRITICAL - 2020-09-10 16:13:48 --> syntax error, unexpected end of file
#0 C:\xampp\htdocs\sisbomberos\system\Common.php(1119): CodeIgniter\View\View->render('main/nav/notici...', Array, true)
#1 C:\xampp\htdocs\sisbomberos\app\Controllers\Noticias.php(22): view('main/nav/notici...', Array)
#2 C:\xampp\htdocs\sisbomberos\system\CodeIgniter.php(918): App\Controllers\Noticias->index()
#3 C:\xampp\htdocs\sisbomberos\system\CodeIgniter.php(404): CodeIgniter\CodeIgniter->runController(Object(App\Controllers\Noticias))
#4 C:\xampp\htdocs\sisbomberos\system\CodeIgniter.php(312): CodeIgniter\CodeIgniter->handleRequest(NULL, Object(Config\Cache), false)
#5 C:\xampp\htdocs\sisbomberos\index.php(45): CodeIgniter\CodeIgniter->run()
#6 {main}
CRITICAL - 2020-09-10 16:13:50 --> syntax error, unexpected end of file
#0 C:\xampp\htdocs\sisbomberos\system\Common.php(1119): CodeIgniter\View\View->render('main/nav/notici...', Array, true)
#1 C:\xampp\htdocs\sisbomberos\app\Controllers\Noticias.php(22): view('main/nav/notici...', Array)
#2 C:\xampp\htdocs\sisbomberos\system\CodeIgniter.php(918): App\Controllers\Noticias->index()
#3 C:\xampp\htdocs\sisbomberos\system\CodeIgniter.php(404): CodeIgniter\CodeIgniter->runController(Object(App\Controllers\Noticias))
#4 C:\xampp\htdocs\sisbomberos\system\CodeIgniter.php(312): CodeIgniter\CodeIgniter->handleRequest(NULL, Object(Config\Cache), false)
#5 C:\xampp\htdocs\sisbomberos\index.php(45): CodeIgniter\CodeIgniter->run()
#6 {main}
CRITICAL - 2020-09-10 16:13:50 --> syntax error, unexpected end of file
#0 C:\xampp\htdocs\sisbomberos\system\Common.php(1119): CodeIgniter\View\View->render('main/nav/notici...', Array, true)
#1 C:\xampp\htdocs\sisbomberos\app\Controllers\Noticias.php(22): view('main/nav/notici...', Array)
#2 C:\xampp\htdocs\sisbomberos\system\CodeIgniter.php(918): App\Controllers\Noticias->index()
#3 C:\xampp\htdocs\sisbomberos\system\CodeIgniter.php(404): CodeIgniter\CodeIgniter->runController(Object(App\Controllers\Noticias))
#4 C:\xampp\htdocs\sisbomberos\system\CodeIgniter.php(312): CodeIgniter\CodeIgniter->handleRequest(NULL, Object(Config\Cache), false)
#5 C:\xampp\htdocs\sisbomberos\index.php(45): CodeIgniter\CodeIgniter->run()
#6 {main}
CRITICAL - 2020-09-10 16:14:50 --> syntax error, unexpected 'endforeach' (T_ENDFOREACH)
#0 C:\xampp\htdocs\sisbomberos\system\Common.php(1119): CodeIgniter\View\View->render('main/nav/notici...', Array, true)
#1 C:\xampp\htdocs\sisbomberos\app\Controllers\Noticias.php(22): view('main/nav/notici...', Array)
#2 C:\xampp\htdocs\sisbomberos\system\CodeIgniter.php(918): App\Controllers\Noticias->index()
#3 C:\xampp\htdocs\sisbomberos\system\CodeIgniter.php(404): CodeIgniter\CodeIgniter->runController(Object(App\Controllers\Noticias))
#4 C:\xampp\htdocs\sisbomberos\system\CodeIgniter.php(312): CodeIgniter\CodeIgniter->handleRequest(NULL, Object(Config\Cache), false)
#5 C:\xampp\htdocs\sisbomberos\index.php(45): CodeIgniter\CodeIgniter->run()
#6 {main}
CRITICAL - 2020-09-10 16:16:59 --> syntax error, unexpected 'endforeach' (T_ENDFOREACH)
#0 C:\xampp\htdocs\sisbomberos\system\Common.php(1119): CodeIgniter\View\View->render('main/nav/notici...', Array, true)
#1 C:\xampp\htdocs\sisbomberos\app\Controllers\Noticias.php(22): view('main/nav/notici...', Array)
#2 C:\xampp\htdocs\sisbomberos\system\CodeIgniter.php(918): App\Controllers\Noticias->index()
#3 C:\xampp\htdocs\sisbomberos\system\CodeIgniter.php(404): CodeIgniter\CodeIgniter->runController(Object(App\Controllers\Noticias))
#4 C:\xampp\htdocs\sisbomberos\system\CodeIgniter.php(312): CodeIgniter\CodeIgniter->handleRequest(NULL, Object(Config\Cache), false)
#5 C:\xampp\htdocs\sisbomberos\index.php(45): CodeIgniter\CodeIgniter->run()
#6 {main}
CRITICAL - 2020-09-10 16:17:56 --> syntax error, unexpected 'endforeach' (T_ENDFOREACH)
#0 C:\xampp\htdocs\sisbomberos\system\Common.php(1119): CodeIgniter\View\View->render('main/nav/notici...', Array, true)
#1 C:\xampp\htdocs\sisbomberos\app\Controllers\Noticias.php(22): view('main/nav/notici...', Array)
#2 C:\xampp\htdocs\sisbomberos\system\CodeIgniter.php(918): App\Controllers\Noticias->index()
#3 C:\xampp\htdocs\sisbomberos\system\CodeIgniter.php(404): CodeIgniter\CodeIgniter->runController(Object(App\Controllers\Noticias))
#4 C:\xampp\htdocs\sisbomberos\system\CodeIgniter.php(312): CodeIgniter\CodeIgniter->handleRequest(NULL, Object(Config\Cache), false)
#5 C:\xampp\htdocs\sisbomberos\index.php(45): CodeIgniter\CodeIgniter->run()
#6 {main}
CRITICAL - 2020-09-10 16:19:28 --> syntax error, unexpected 'endforeach' (T_ENDFOREACH)
#0 C:\xampp\htdocs\sisbomberos\system\Common.php(1119): CodeIgniter\View\View->render('main/nav/notici...', Array, true)
#1 C:\xampp\htdocs\sisbomberos\app\Controllers\Noticias.php(22): view('main/nav/notici...', Array)
#2 C:\xampp\htdocs\sisbomberos\system\CodeIgniter.php(918): App\Controllers\Noticias->index()
#3 C:\xampp\htdocs\sisbomberos\system\CodeIgniter.php(404): CodeIgniter\CodeIgniter->runController(Object(App\Controllers\Noticias))
#4 C:\xampp\htdocs\sisbomberos\system\CodeIgniter.php(312): CodeIgniter\CodeIgniter->handleRequest(NULL, Object(Config\Cache), false)
#5 C:\xampp\htdocs\sisbomberos\index.php(45): CodeIgniter\CodeIgniter->run()
#6 {main}
CRITICAL - 2020-09-10 16:20:56 --> syntax error, unexpected 'endforeach' (T_ENDFOREACH)
#0 C:\xampp\htdocs\sisbomberos\system\Common.php(1119): CodeIgniter\View\View->render('main/nav/notici...', Array, true)
#1 C:\xampp\htdocs\sisbomberos\app\Controllers\Noticias.php(22): view('main/nav/notici...', Array)
#2 C:\xampp\htdocs\sisbomberos\system\CodeIgniter.php(918): App\Controllers\Noticias->index()
#3 C:\xampp\htdocs\sisbomberos\system\CodeIgniter.php(404): CodeIgniter\CodeIgniter->runController(Object(App\Controllers\Noticias))
#4 C:\xampp\htdocs\sisbomberos\system\CodeIgniter.php(312): CodeIgniter\CodeIgniter->handleRequest(NULL, Object(Config\Cache), false)
#5 C:\xampp\htdocs\sisbomberos\index.php(45): CodeIgniter\CodeIgniter->run()
#6 {main}
CRITICAL - 2020-09-10 16:20:57 --> syntax error, unexpected 'endforeach' (T_ENDFOREACH)
#0 C:\xampp\htdocs\sisbomberos\system\Common.php(1119): CodeIgniter\View\View->render('main/nav/notici...', Array, true)
#1 C:\xampp\htdocs\sisbomberos\app\Controllers\Noticias.php(22): view('main/nav/notici...', Array)
#2 C:\xampp\htdocs\sisbomberos\system\CodeIgniter.php(918): App\Controllers\Noticias->index()
#3 C:\xampp\htdocs\sisbomberos\system\CodeIgniter.php(404): CodeIgniter\CodeIgniter->runController(Object(App\Controllers\Noticias))
#4 C:\xampp\htdocs\sisbomberos\system\CodeIgniter.php(312): CodeIgniter\CodeIgniter->handleRequest(NULL, Object(Config\Cache), false)
#5 C:\xampp\htdocs\sisbomberos\index.php(45): CodeIgniter\CodeIgniter->run()
#6 {main}
CRITICAL - 2020-09-10 16:20:57 --> syntax error, unexpected 'endforeach' (T_ENDFOREACH)
#0 C:\xampp\htdocs\sisbomberos\system\Common.php(1119): CodeIgniter\View\View->render('main/nav/notici...', Array, true)
#1 C:\xampp\htdocs\sisbomberos\app\Controllers\Noticias.php(22): view('main/nav/notici...', Array)
#2 C:\xampp\htdocs\sisbomberos\system\CodeIgniter.php(918): App\Controllers\Noticias->index()
#3 C:\xampp\htdocs\sisbomberos\system\CodeIgniter.php(404): CodeIgniter\CodeIgniter->runController(Object(App\Controllers\Noticias))
#4 C:\xampp\htdocs\sisbomberos\system\CodeIgniter.php(312): CodeIgniter\CodeIgniter->handleRequest(NULL, Object(Config\Cache), false)
#5 C:\xampp\htdocs\sisbomberos\index.php(45): CodeIgniter\CodeIgniter->run()
#6 {main}
CRITICAL - 2020-09-10 16:22:27 --> syntax error, unexpected 'endforeach' (T_ENDFOREACH)
#0 C:\xampp\htdocs\sisbomberos\system\Common.php(1119): CodeIgniter\View\View->render('main/nav/notici...', Array, true)
#1 C:\xampp\htdocs\sisbomberos\app\Controllers\Noticias.php(22): view('main/nav/notici...', Array)
#2 C:\xampp\htdocs\sisbomberos\system\CodeIgniter.php(918): App\Controllers\Noticias->index()
#3 C:\xampp\htdocs\sisbomberos\system\CodeIgniter.php(404): CodeIgniter\CodeIgniter->runController(Object(App\Controllers\Noticias))
#4 C:\xampp\htdocs\sisbomberos\system\CodeIgniter.php(312): CodeIgniter\CodeIgniter->handleRequest(NULL, Object(Config\Cache), false)
#5 C:\xampp\htdocs\sisbomberos\index.php(45): CodeIgniter\CodeIgniter->run()
#6 {main}
CRITICAL - 2020-09-10 16:22:28 --> syntax error, unexpected 'endforeach' (T_ENDFOREACH)
#0 C:\xampp\htdocs\sisbomberos\system\Common.php(1119): CodeIgniter\View\View->render('main/nav/notici...', Array, true)
#1 C:\xampp\htdocs\sisbomberos\app\Controllers\Noticias.php(22): view('main/nav/notici...', Array)
#2 C:\xampp\htdocs\sisbomberos\system\CodeIgniter.php(918): App\Controllers\Noticias->index()
#3 C:\xampp\htdocs\sisbomberos\system\CodeIgniter.php(404): CodeIgniter\CodeIgniter->runController(Object(App\Controllers\Noticias))
#4 C:\xampp\htdocs\sisbomberos\system\CodeIgniter.php(312): CodeIgniter\CodeIgniter->handleRequest(NULL, Object(Config\Cache), false)
#5 C:\xampp\htdocs\sisbomberos\index.php(45): CodeIgniter\CodeIgniter->run()
#6 {main}
CRITICAL - 2020-09-10 16:22:53 --> syntax error, unexpected 'endforeach' (T_ENDFOREACH)
#0 C:\xampp\htdocs\sisbomberos\system\Common.php(1119): CodeIgniter\View\View->render('main/nav/notici...', Array, true)
#1 C:\xampp\htdocs\sisbomberos\app\Controllers\Noticias.php(22): view('main/nav/notici...', Array)
#2 C:\xampp\htdocs\sisbomberos\system\CodeIgniter.php(918): App\Controllers\Noticias->index()
#3 C:\xampp\htdocs\sisbomberos\system\CodeIgniter.php(404): CodeIgniter\CodeIgniter->runController(Object(App\Controllers\Noticias))
#4 C:\xampp\htdocs\sisbomberos\system\CodeIgniter.php(312): CodeIgniter\CodeIgniter->handleRequest(NULL, Object(Config\Cache), false)
#5 C:\xampp\htdocs\sisbomberos\index.php(45): CodeIgniter\CodeIgniter->run()
#6 {main}
