CRITICAL - 2020-09-09 00:13:19 --> Undefined variable: idusuario
#0 D:\xampp\htdocs\sisbomberos\app\Controllers\Intranet.php(55): CodeIgniter\Debug\Exceptions->errorHandler(8, 'Undefined varia...', 'D:\\xampp\\htdocs...', 55, Array)
#1 D:\xampp\htdocs\sisbomberos\system\CodeIgniter.php(918): App\Controllers\Intranet->subir()
#2 D:\xampp\htdocs\sisbomberos\system\CodeIgniter.php(404): CodeIgniter\CodeIgniter->runController(Object(App\Controllers\Intranet))
#3 D:\xampp\htdocs\sisbomberos\system\CodeIgniter.php(312): CodeIgniter\CodeIgniter->handleRequest(NULL, Object(Config\Cache), false)
#4 D:\xampp\htdocs\sisbomberos\index.php(45): CodeIgniter\CodeIgniter->run()
#5 {main}
CRITICAL - 2020-09-09 00:38:19 --> Class 'App\Controllers\UsuarioModel' not found
#0 D:\xampp\htdocs\sisbomberos\system\CodeIgniter.php(918): App\Controllers\Intranet->delete()
#1 D:\xampp\htdocs\sisbomberos\system\CodeIgniter.php(404): CodeIgniter\CodeIgniter->runController(Object(App\Controllers\Intranet))
#2 D:\xampp\htdocs\sisbomberos\system\CodeIgniter.php(312): CodeIgniter\CodeIgniter->handleRequest(NULL, Object(Config\Cache), false)
#3 D:\xampp\htdocs\sisbomberos\index.php(45): CodeIgniter\CodeIgniter->run()
#4 {main}
CRITICAL - 2020-09-09 03:03:49 --> Undefined variable: session
#0 D:\xampp\htdocs\sisbomberos\app\Views\usuario\content.php(17): CodeIgniter\Debug\Exceptions->errorHandler(8, 'Undefined varia...', 'D:\\xampp\\htdocs...', 17, Array)
#1 D:\xampp\htdocs\sisbomberos\system\View\View.php(246): include('D:\\xampp\\htdocs...')
#2 D:\xampp\htdocs\sisbomberos\system\Common.php(1119): CodeIgniter\View\View->render('usuario/content...', Array, true)
#3 D:\xampp\htdocs\sisbomberos\app\Controllers\Usuario.php(96): view('usuario/content...', Array)
#4 D:\xampp\htdocs\sisbomberos\system\CodeIgniter.php(918): App\Controllers\Usuario->index()
#5 D:\xampp\htdocs\sisbomberos\system\CodeIgniter.php(404): CodeIgniter\CodeIgniter->runController(Object(App\Controllers\Usuario))
#6 D:\xampp\htdocs\sisbomberos\system\CodeIgniter.php(312): CodeIgniter\CodeIgniter->handleRequest(NULL, Object(Config\Cache), false)
#7 D:\xampp\htdocs\sisbomberos\index.php(45): CodeIgniter\CodeIgniter->run()
#8 {main}
CRITICAL - 2020-09-09 03:06:22 --> Undefined index: alert
#0 D:\xampp\htdocs\sisbomberos\app\Views\usuario\content.php(17): CodeIgniter\Debug\Exceptions->errorHandler(8, 'Undefined index...', 'D:\\xampp\\htdocs...', 17, Array)
#1 D:\xampp\htdocs\sisbomberos\system\View\View.php(246): include('D:\\xampp\\htdocs...')
#2 D:\xampp\htdocs\sisbomberos\system\Common.php(1119): CodeIgniter\View\View->render('usuario/content...', Array, true)
#3 D:\xampp\htdocs\sisbomberos\app\Controllers\Usuario.php(96): view('usuario/content...', Array)
#4 D:\xampp\htdocs\sisbomberos\system\CodeIgniter.php(918): App\Controllers\Usuario->index()
#5 D:\xampp\htdocs\sisbomberos\system\CodeIgniter.php(404): CodeIgniter\CodeIgniter->runController(Object(App\Controllers\Usuario))
#6 D:\xampp\htdocs\sisbomberos\system\CodeIgniter.php(312): CodeIgniter\CodeIgniter->handleRequest(NULL, Object(Config\Cache), false)
#7 D:\xampp\htdocs\sisbomberos\index.php(45): CodeIgniter\CodeIgniter->run()
#8 {main}
CRITICAL - 2020-09-09 03:07:46 --> syntax error, unexpected '}', expecting ';' or ','
#0 D:\xampp\htdocs\sisbomberos\system\Common.php(1119): CodeIgniter\View\View->render('usuario/content...', Array, true)
#1 D:\xampp\htdocs\sisbomberos\app\Controllers\Usuario.php(96): view('usuario/content...', Array)
#2 D:\xampp\htdocs\sisbomberos\system\CodeIgniter.php(918): App\Controllers\Usuario->index()
#3 D:\xampp\htdocs\sisbomberos\system\CodeIgniter.php(404): CodeIgniter\CodeIgniter->runController(Object(App\Controllers\Usuario))
#4 D:\xampp\htdocs\sisbomberos\system\CodeIgniter.php(312): CodeIgniter\CodeIgniter->handleRequest(NULL, Object(Config\Cache), false)
#5 D:\xampp\htdocs\sisbomberos\index.php(45): CodeIgniter\CodeIgniter->run()
#6 {main}
CRITICAL - 2020-09-09 03:08:27 --> Undefined variable: session
#0 D:\xampp\htdocs\sisbomberos\app\Controllers\Usuario.php(70): CodeIgniter\Debug\Exceptions->errorHandler(8, 'Undefined varia...', 'D:\\xampp\\htdocs...', 70, Array)
#1 D:\xampp\htdocs\sisbomberos\system\CodeIgniter.php(918): App\Controllers\Usuario->add()
#2 D:\xampp\htdocs\sisbomberos\system\CodeIgniter.php(404): CodeIgniter\CodeIgniter->runController(Object(App\Controllers\Usuario))
#3 D:\xampp\htdocs\sisbomberos\system\CodeIgniter.php(312): CodeIgniter\CodeIgniter->handleRequest(NULL, Object(Config\Cache), false)
#4 D:\xampp\htdocs\sisbomberos\index.php(45): CodeIgniter\CodeIgniter->run()
#5 {main}
CRITICAL - 2020-09-09 03:11:11 --> Undefined variable: session
#0 D:\xampp\htdocs\sisbomberos\app\Controllers\Usuario.php(70): CodeIgniter\Debug\Exceptions->errorHandler(8, 'Undefined varia...', 'D:\\xampp\\htdocs...', 70, Array)
#1 D:\xampp\htdocs\sisbomberos\system\CodeIgniter.php(918): App\Controllers\Usuario->add()
#2 D:\xampp\htdocs\sisbomberos\system\CodeIgniter.php(404): CodeIgniter\CodeIgniter->runController(Object(App\Controllers\Usuario))
#3 D:\xampp\htdocs\sisbomberos\system\CodeIgniter.php(312): CodeIgniter\CodeIgniter->handleRequest(NULL, Object(Config\Cache), false)
#4 D:\xampp\htdocs\sisbomberos\index.php(45): CodeIgniter\CodeIgniter->run()
#5 {main}
CRITICAL - 2020-09-09 03:11:21 --> Undefined variable: session
#0 D:\xampp\htdocs\sisbomberos\app\Controllers\Usuario.php(70): CodeIgniter\Debug\Exceptions->errorHandler(8, 'Undefined varia...', 'D:\\xampp\\htdocs...', 70, Array)
#1 D:\xampp\htdocs\sisbomberos\system\CodeIgniter.php(918): App\Controllers\Usuario->add()
#2 D:\xampp\htdocs\sisbomberos\system\CodeIgniter.php(404): CodeIgniter\CodeIgniter->runController(Object(App\Controllers\Usuario))
#3 D:\xampp\htdocs\sisbomberos\system\CodeIgniter.php(312): CodeIgniter\CodeIgniter->handleRequest(NULL, Object(Config\Cache), false)
#4 D:\xampp\htdocs\sisbomberos\index.php(45): CodeIgniter\CodeIgniter->run()
#5 {main}
CRITICAL - 2020-09-09 03:12:05 --> Undefined variable: session
#0 D:\xampp\htdocs\sisbomberos\app\Controllers\Usuario.php(72): CodeIgniter\Debug\Exceptions->errorHandler(8, 'Undefined varia...', 'D:\\xampp\\htdocs...', 72, Array)
#1 D:\xampp\htdocs\sisbomberos\system\CodeIgniter.php(918): App\Controllers\Usuario->add()
#2 D:\xampp\htdocs\sisbomberos\system\CodeIgniter.php(404): CodeIgniter\CodeIgniter->runController(Object(App\Controllers\Usuario))
#3 D:\xampp\htdocs\sisbomberos\system\CodeIgniter.php(312): CodeIgniter\CodeIgniter->handleRequest(NULL, Object(Config\Cache), false)
#4 D:\xampp\htdocs\sisbomberos\index.php(45): CodeIgniter\CodeIgniter->run()
#5 {main}
