CRITICAL - 2020-09-17 00:01:02 --> Invalid argument supplied for foreach()
#0 D:\xampp\htdocs\sisbomberos\app\Views\main\layout\content.php(31): CodeIgniter\Debug\Exceptions->errorHandler(2, 'Invalid argumen...', 'D:\\xampp\\htdocs...', 31, Array)
#1 D:\xampp\htdocs\sisbomberos\system\View\View.php(246): include('D:\\xampp\\htdocs...')
#2 D:\xampp\htdocs\sisbomberos\system\Common.php(1119): CodeIgniter\View\View->render('main/layout/con...', Array, true)
#3 D:\xampp\htdocs\sisbomberos\app\Controllers\Inicio.php(9): view('main/layout/con...', Array)
#4 D:\xampp\htdocs\sisbomberos\system\CodeIgniter.php(918): App\Controllers\Inicio->index()
#5 D:\xampp\htdocs\sisbomberos\system\CodeIgniter.php(404): CodeIgniter\CodeIgniter->runController(Object(App\Controllers\Inicio))
#6 D:\xampp\htdocs\sisbomberos\system\CodeIgniter.php(312): CodeIgniter\CodeIgniter->handleRequest(NULL, Object(Config\Cache), false)
#7 D:\xampp\htdocs\sisbomberos\index.php(45): CodeIgniter\CodeIgniter->run()
#8 {main}
CRITICAL - 2020-09-17 00:03:34 --> Invalid argument supplied for foreach()
#0 D:\xampp\htdocs\sisbomberos\app\Views\main\layout\content.php(31): CodeIgniter\Debug\Exceptions->errorHandler(2, 'Invalid argumen...', 'D:\\xampp\\htdocs...', 31, Array)
#1 D:\xampp\htdocs\sisbomberos\system\View\View.php(246): include('D:\\xampp\\htdocs...')
#2 D:\xampp\htdocs\sisbomberos\system\Common.php(1119): CodeIgniter\View\View->render('main/layout/con...', Array, true)
#3 D:\xampp\htdocs\sisbomberos\app\Controllers\Inicio.php(9): view('main/layout/con...', Array)
#4 D:\xampp\htdocs\sisbomberos\system\CodeIgniter.php(918): App\Controllers\Inicio->index()
#5 D:\xampp\htdocs\sisbomberos\system\CodeIgniter.php(404): CodeIgniter\CodeIgniter->runController(Object(App\Controllers\Inicio))
#6 D:\xampp\htdocs\sisbomberos\system\CodeIgniter.php(312): CodeIgniter\CodeIgniter->handleRequest(NULL, Object(Config\Cache), false)
#7 D:\xampp\htdocs\sisbomberos\index.php(45): CodeIgniter\CodeIgniter->run()
#8 {main}
CRITICAL - 2020-09-17 00:04:55 --> Invalid argument supplied for foreach()
#0 D:\xampp\htdocs\sisbomberos\app\Views\main\layout\content.php(31): CodeIgniter\Debug\Exceptions->errorHandler(2, 'Invalid argumen...', 'D:\\xampp\\htdocs...', 31, Array)
#1 D:\xampp\htdocs\sisbomberos\system\View\View.php(246): include('D:\\xampp\\htdocs...')
#2 D:\xampp\htdocs\sisbomberos\system\Common.php(1119): CodeIgniter\View\View->render('main/layout/con...', Array, true)
#3 D:\xampp\htdocs\sisbomberos\app\Controllers\Inicio.php(9): view('main/layout/con...', Array)
#4 D:\xampp\htdocs\sisbomberos\system\CodeIgniter.php(918): App\Controllers\Inicio->index()
#5 D:\xampp\htdocs\sisbomberos\system\CodeIgniter.php(404): CodeIgniter\CodeIgniter->runController(Object(App\Controllers\Inicio))
#6 D:\xampp\htdocs\sisbomberos\system\CodeIgniter.php(312): CodeIgniter\CodeIgniter->handleRequest(NULL, Object(Config\Cache), false)
#7 D:\xampp\htdocs\sisbomberos\index.php(45): CodeIgniter\CodeIgniter->run()
#8 {main}
CRITICAL - 2020-09-17 00:11:16 --> Invalid argument supplied for foreach()
#0 D:\xampp\htdocs\sisbomberos\app\Views\main\layout\content.php(31): CodeIgniter\Debug\Exceptions->errorHandler(2, 'Invalid argumen...', 'D:\\xampp\\htdocs...', 31, Array)
#1 D:\xampp\htdocs\sisbomberos\system\View\View.php(246): include('D:\\xampp\\htdocs...')
#2 D:\xampp\htdocs\sisbomberos\system\Common.php(1119): CodeIgniter\View\View->render('main/layout/con...', Array, true)
#3 D:\xampp\htdocs\sisbomberos\app\Controllers\Inicio.php(9): view('main/layout/con...', Array)
#4 D:\xampp\htdocs\sisbomberos\system\CodeIgniter.php(918): App\Controllers\Inicio->index()
#5 D:\xampp\htdocs\sisbomberos\system\CodeIgniter.php(404): CodeIgniter\CodeIgniter->runController(Object(App\Controllers\Inicio))
#6 D:\xampp\htdocs\sisbomberos\system\CodeIgniter.php(312): CodeIgniter\CodeIgniter->handleRequest(NULL, Object(Config\Cache), false)
#7 D:\xampp\htdocs\sisbomberos\index.php(45): CodeIgniter\CodeIgniter->run()
#8 {main}
CRITICAL - 2020-09-17 00:11:19 --> Invalid argument supplied for foreach()
#0 D:\xampp\htdocs\sisbomberos\app\Views\main\layout\content.php(31): CodeIgniter\Debug\Exceptions->errorHandler(2, 'Invalid argumen...', 'D:\\xampp\\htdocs...', 31, Array)
#1 D:\xampp\htdocs\sisbomberos\system\View\View.php(246): include('D:\\xampp\\htdocs...')
#2 D:\xampp\htdocs\sisbomberos\system\Common.php(1119): CodeIgniter\View\View->render('main/layout/con...', Array, true)
#3 D:\xampp\htdocs\sisbomberos\app\Controllers\Inicio.php(9): view('main/layout/con...', Array)
#4 D:\xampp\htdocs\sisbomberos\system\CodeIgniter.php(918): App\Controllers\Inicio->index()
#5 D:\xampp\htdocs\sisbomberos\system\CodeIgniter.php(404): CodeIgniter\CodeIgniter->runController(Object(App\Controllers\Inicio))
#6 D:\xampp\htdocs\sisbomberos\system\CodeIgniter.php(312): CodeIgniter\CodeIgniter->handleRequest(NULL, Object(Config\Cache), false)
#7 D:\xampp\htdocs\sisbomberos\index.php(45): CodeIgniter\CodeIgniter->run()
#8 {main}
CRITICAL - 2020-09-17 00:13:54 --> Invalid argument supplied for foreach()
#0 D:\xampp\htdocs\sisbomberos\app\Views\main\layout\content.php(31): CodeIgniter\Debug\Exceptions->errorHandler(2, 'Invalid argumen...', 'D:\\xampp\\htdocs...', 31, Array)
#1 D:\xampp\htdocs\sisbomberos\system\View\View.php(246): include('D:\\xampp\\htdocs...')
#2 D:\xampp\htdocs\sisbomberos\system\Common.php(1119): CodeIgniter\View\View->render('main/layout/con...', Array, true)
#3 D:\xampp\htdocs\sisbomberos\app\Controllers\Inicio.php(9): view('main/layout/con...', Array)
#4 D:\xampp\htdocs\sisbomberos\system\CodeIgniter.php(918): App\Controllers\Inicio->index()
#5 D:\xampp\htdocs\sisbomberos\system\CodeIgniter.php(404): CodeIgniter\CodeIgniter->runController(Object(App\Controllers\Inicio))
#6 D:\xampp\htdocs\sisbomberos\system\CodeIgniter.php(312): CodeIgniter\CodeIgniter->handleRequest(NULL, Object(Config\Cache), false)
#7 D:\xampp\htdocs\sisbomberos\index.php(45): CodeIgniter\CodeIgniter->run()
#8 {main}
CRITICAL - 2020-09-17 00:20:59 --> Invalid argument supplied for foreach()
#0 D:\xampp\htdocs\sisbomberos\app\Views\main\layout\content.php(31): CodeIgniter\Debug\Exceptions->errorHandler(2, 'Invalid argumen...', 'D:\\xampp\\htdocs...', 31, Array)
#1 D:\xampp\htdocs\sisbomberos\system\View\View.php(246): include('D:\\xampp\\htdocs...')
#2 D:\xampp\htdocs\sisbomberos\system\Common.php(1119): CodeIgniter\View\View->render('main/layout/con...', Array, true)
#3 D:\xampp\htdocs\sisbomberos\app\Controllers\Inicio.php(9): view('main/layout/con...', Array)
#4 D:\xampp\htdocs\sisbomberos\system\CodeIgniter.php(918): App\Controllers\Inicio->index()
#5 D:\xampp\htdocs\sisbomberos\system\CodeIgniter.php(404): CodeIgniter\CodeIgniter->runController(Object(App\Controllers\Inicio))
#6 D:\xampp\htdocs\sisbomberos\system\CodeIgniter.php(312): CodeIgniter\CodeIgniter->handleRequest(NULL, Object(Config\Cache), false)
#7 D:\xampp\htdocs\sisbomberos\index.php(45): CodeIgniter\CodeIgniter->run()
#8 {main}
CRITICAL - 2020-09-17 00:26:52 --> Invalid argument supplied for foreach()
#0 D:\xampp\htdocs\sisbomberos\app\Views\main\layout\content.php(31): CodeIgniter\Debug\Exceptions->errorHandler(2, 'Invalid argumen...', 'D:\\xampp\\htdocs...', 31, Array)
#1 D:\xampp\htdocs\sisbomberos\system\View\View.php(246): include('D:\\xampp\\htdocs...')
#2 D:\xampp\htdocs\sisbomberos\system\Common.php(1119): CodeIgniter\View\View->render('main/layout/con...', Array, true)
#3 D:\xampp\htdocs\sisbomberos\app\Controllers\Inicio.php(9): view('main/layout/con...', Array)
#4 D:\xampp\htdocs\sisbomberos\system\CodeIgniter.php(918): App\Controllers\Inicio->index()
#5 D:\xampp\htdocs\sisbomberos\system\CodeIgniter.php(404): CodeIgniter\CodeIgniter->runController(Object(App\Controllers\Inicio))
#6 D:\xampp\htdocs\sisbomberos\system\CodeIgniter.php(312): CodeIgniter\CodeIgniter->handleRequest(NULL, Object(Config\Cache), false)
#7 D:\xampp\htdocs\sisbomberos\index.php(45): CodeIgniter\CodeIgniter->run()
#8 {main}
CRITICAL - 2020-09-17 00:28:51 --> Invalid argument supplied for foreach()
#0 D:\xampp\htdocs\sisbomberos\app\Views\main\layout\content.php(31): CodeIgniter\Debug\Exceptions->errorHandler(2, 'Invalid argumen...', 'D:\\xampp\\htdocs...', 31, Array)
#1 D:\xampp\htdocs\sisbomberos\system\View\View.php(246): include('D:\\xampp\\htdocs...')
#2 D:\xampp\htdocs\sisbomberos\system\Common.php(1119): CodeIgniter\View\View->render('main/layout/con...', Array, true)
#3 D:\xampp\htdocs\sisbomberos\app\Controllers\Inicio.php(9): view('main/layout/con...', Array)
#4 D:\xampp\htdocs\sisbomberos\system\CodeIgniter.php(918): App\Controllers\Inicio->index()
#5 D:\xampp\htdocs\sisbomberos\system\CodeIgniter.php(404): CodeIgniter\CodeIgniter->runController(Object(App\Controllers\Inicio))
#6 D:\xampp\htdocs\sisbomberos\system\CodeIgniter.php(312): CodeIgniter\CodeIgniter->handleRequest(NULL, Object(Config\Cache), false)
#7 D:\xampp\htdocs\sisbomberos\index.php(45): CodeIgniter\CodeIgniter->run()
#8 {main}
CRITICAL - 2020-09-17 00:31:13 --> Invalid argument supplied for foreach()
#0 D:\xampp\htdocs\sisbomberos\app\Views\main\layout\content.php(31): CodeIgniter\Debug\Exceptions->errorHandler(2, 'Invalid argumen...', 'D:\\xampp\\htdocs...', 31, Array)
#1 D:\xampp\htdocs\sisbomberos\system\View\View.php(246): include('D:\\xampp\\htdocs...')
#2 D:\xampp\htdocs\sisbomberos\system\Common.php(1119): CodeIgniter\View\View->render('main/layout/con...', Array, true)
#3 D:\xampp\htdocs\sisbomberos\app\Controllers\Inicio.php(9): view('main/layout/con...', Array)
#4 D:\xampp\htdocs\sisbomberos\system\CodeIgniter.php(918): App\Controllers\Inicio->index()
#5 D:\xampp\htdocs\sisbomberos\system\CodeIgniter.php(404): CodeIgniter\CodeIgniter->runController(Object(App\Controllers\Inicio))
#6 D:\xampp\htdocs\sisbomberos\system\CodeIgniter.php(312): CodeIgniter\CodeIgniter->handleRequest(NULL, Object(Config\Cache), false)
#7 D:\xampp\htdocs\sisbomberos\index.php(45): CodeIgniter\CodeIgniter->run()
#8 {main}
CRITICAL - 2020-09-17 00:31:18 --> Invalid argument supplied for foreach()
#0 D:\xampp\htdocs\sisbomberos\app\Views\main\layout\content.php(31): CodeIgniter\Debug\Exceptions->errorHandler(2, 'Invalid argumen...', 'D:\\xampp\\htdocs...', 31, Array)
#1 D:\xampp\htdocs\sisbomberos\system\View\View.php(246): include('D:\\xampp\\htdocs...')
#2 D:\xampp\htdocs\sisbomberos\system\Common.php(1119): CodeIgniter\View\View->render('main/layout/con...', Array, true)
#3 D:\xampp\htdocs\sisbomberos\app\Controllers\Inicio.php(9): view('main/layout/con...', Array)
#4 D:\xampp\htdocs\sisbomberos\system\CodeIgniter.php(918): App\Controllers\Inicio->index()
#5 D:\xampp\htdocs\sisbomberos\system\CodeIgniter.php(404): CodeIgniter\CodeIgniter->runController(Object(App\Controllers\Inicio))
#6 D:\xampp\htdocs\sisbomberos\system\CodeIgniter.php(312): CodeIgniter\CodeIgniter->handleRequest(NULL, Object(Config\Cache), false)
#7 D:\xampp\htdocs\sisbomberos\index.php(45): CodeIgniter\CodeIgniter->run()
#8 {main}
CRITICAL - 2020-09-17 00:34:17 --> Invalid argument supplied for foreach()
#0 D:\xampp\htdocs\sisbomberos\app\Views\main\layout\content.php(31): CodeIgniter\Debug\Exceptions->errorHandler(2, 'Invalid argumen...', 'D:\\xampp\\htdocs...', 31, Array)
#1 D:\xampp\htdocs\sisbomberos\system\View\View.php(246): include('D:\\xampp\\htdocs...')
#2 D:\xampp\htdocs\sisbomberos\system\Common.php(1119): CodeIgniter\View\View->render('main/layout/con...', Array, true)
#3 D:\xampp\htdocs\sisbomberos\app\Controllers\Inicio.php(9): view('main/layout/con...', Array)
#4 D:\xampp\htdocs\sisbomberos\system\CodeIgniter.php(918): App\Controllers\Inicio->index()
#5 D:\xampp\htdocs\sisbomberos\system\CodeIgniter.php(404): CodeIgniter\CodeIgniter->runController(Object(App\Controllers\Inicio))
#6 D:\xampp\htdocs\sisbomberos\system\CodeIgniter.php(312): CodeIgniter\CodeIgniter->handleRequest(NULL, Object(Config\Cache), false)
#7 D:\xampp\htdocs\sisbomberos\index.php(45): CodeIgniter\CodeIgniter->run()
#8 {main}
CRITICAL - 2020-09-17 00:36:15 --> Invalid argument supplied for foreach()
#0 D:\xampp\htdocs\sisbomberos\app\Views\main\layout\content.php(31): CodeIgniter\Debug\Exceptions->errorHandler(2, 'Invalid argumen...', 'D:\\xampp\\htdocs...', 31, Array)
#1 D:\xampp\htdocs\sisbomberos\system\View\View.php(246): include('D:\\xampp\\htdocs...')
#2 D:\xampp\htdocs\sisbomberos\system\Common.php(1119): CodeIgniter\View\View->render('main/layout/con...', Array, true)
#3 D:\xampp\htdocs\sisbomberos\app\Controllers\Inicio.php(9): view('main/layout/con...', Array)
#4 D:\xampp\htdocs\sisbomberos\system\CodeIgniter.php(918): App\Controllers\Inicio->index()
#5 D:\xampp\htdocs\sisbomberos\system\CodeIgniter.php(404): CodeIgniter\CodeIgniter->runController(Object(App\Controllers\Inicio))
#6 D:\xampp\htdocs\sisbomberos\system\CodeIgniter.php(312): CodeIgniter\CodeIgniter->handleRequest(NULL, Object(Config\Cache), false)
#7 D:\xampp\htdocs\sisbomberos\index.php(45): CodeIgniter\CodeIgniter->run()
#8 {main}
