CRITICAL - 2020-09-06 11:35:05 --> Undefined variable: animes_x_pagina
#0 C:\xampp\htdocs\sisbomberos\app\Models\NoticiasModel.php(14): CodeIgniter\Debug\Exceptions->errorHandler(8, 'Undefined varia...', 'C:\\xampp\\htdocs...', 14, Array)
#1 C:\xampp\htdocs\sisbomberos\app\Controllers\Noticias.php(19): App\Models\NoticiasModel->noticias(0, 6)
#2 C:\xampp\htdocs\sisbomberos\system\CodeIgniter.php(918): App\Controllers\Noticias->index()
#3 C:\xampp\htdocs\sisbomberos\system\CodeIgniter.php(404): CodeIgniter\CodeIgniter->runController(Object(App\Controllers\Noticias))
#4 C:\xampp\htdocs\sisbomberos\system\CodeIgniter.php(312): CodeIgniter\CodeIgniter->handleRequest(NULL, Object(Config\Cache), false)
#5 C:\xampp\htdocs\sisbomberos\index.php(45): CodeIgniter\CodeIgniter->run()
#6 {main}
CRITICAL - 2020-09-06 18:35:49 --> syntax error, unexpected '?>'
#0 D:\xampp\htdocs\sisbomberos\system\Common.php(1119): CodeIgniter\View\View->render('intranetAD/form...', Array, true)
#1 D:\xampp\htdocs\sisbomberos\app\Controllers\IntranetA.php(25): view('intranetAD/form...', Array)
#2 D:\xampp\htdocs\sisbomberos\system\CodeIgniter.php(918): App\Controllers\IntranetA->viwagregar()
#3 D:\xampp\htdocs\sisbomberos\system\CodeIgniter.php(404): CodeIgniter\CodeIgniter->runController(Object(App\Controllers\IntranetA))
#4 D:\xampp\htdocs\sisbomberos\system\CodeIgniter.php(312): CodeIgniter\CodeIgniter->handleRequest(NULL, Object(Config\Cache), false)
#5 D:\xampp\htdocs\sisbomberos\index.php(45): CodeIgniter\CodeIgniter->run()
#6 {main}
CRITICAL - 2020-09-06 18:36:10 --> A non-numeric value encountered
#0 D:\xampp\htdocs\sisbomberos\app\Views\intranetAD\form_intra.php(38): CodeIgniter\Debug\Exceptions->errorHandler(2, 'A non-numeric v...', 'D:\\xampp\\htdocs...', 38, Array)
#1 D:\xampp\htdocs\sisbomberos\system\View\View.php(246): include('D:\\xampp\\htdocs...')
#2 D:\xampp\htdocs\sisbomberos\system\Common.php(1119): CodeIgniter\View\View->render('intranetAD/form...', Array, true)
#3 D:\xampp\htdocs\sisbomberos\app\Controllers\IntranetA.php(25): view('intranetAD/form...', Array)
#4 D:\xampp\htdocs\sisbomberos\system\CodeIgniter.php(918): App\Controllers\IntranetA->viwagregar()
#5 D:\xampp\htdocs\sisbomberos\system\CodeIgniter.php(404): CodeIgniter\CodeIgniter->runController(Object(App\Controllers\IntranetA))
#6 D:\xampp\htdocs\sisbomberos\system\CodeIgniter.php(312): CodeIgniter\CodeIgniter->handleRequest(NULL, Object(Config\Cache), false)
#7 D:\xampp\htdocs\sisbomberos\index.php(45): CodeIgniter\CodeIgniter->run()
#8 {main}
CRITICAL - 2020-09-06 18:36:43 --> syntax error, unexpected '?>'
#0 D:\xampp\htdocs\sisbomberos\system\Common.php(1119): CodeIgniter\View\View->render('intranetAD/form...', Array, true)
#1 D:\xampp\htdocs\sisbomberos\app\Controllers\IntranetA.php(25): view('intranetAD/form...', Array)
#2 D:\xampp\htdocs\sisbomberos\system\CodeIgniter.php(918): App\Controllers\IntranetA->viwagregar()
#3 D:\xampp\htdocs\sisbomberos\system\CodeIgniter.php(404): CodeIgniter\CodeIgniter->runController(Object(App\Controllers\IntranetA))
#4 D:\xampp\htdocs\sisbomberos\system\CodeIgniter.php(312): CodeIgniter\CodeIgniter->handleRequest(NULL, Object(Config\Cache), false)
#5 D:\xampp\htdocs\sisbomberos\index.php(45): CodeIgniter\CodeIgniter->run()
#6 {main}
CRITICAL - 2020-09-06 18:39:56 --> syntax error, unexpected '$row' (T_VARIABLE)
#0 D:\xampp\htdocs\sisbomberos\system\Common.php(1119): CodeIgniter\View\View->render('intranetAD/form...', Array, true)
#1 D:\xampp\htdocs\sisbomberos\app\Controllers\IntranetA.php(25): view('intranetAD/form...', Array)
#2 D:\xampp\htdocs\sisbomberos\system\CodeIgniter.php(918): App\Controllers\IntranetA->viwagregar()
#3 D:\xampp\htdocs\sisbomberos\system\CodeIgniter.php(404): CodeIgniter\CodeIgniter->runController(Object(App\Controllers\IntranetA))
#4 D:\xampp\htdocs\sisbomberos\system\CodeIgniter.php(312): CodeIgniter\CodeIgniter->handleRequest(NULL, Object(Config\Cache), false)
#5 D:\xampp\htdocs\sisbomberos\index.php(45): CodeIgniter\CodeIgniter->run()
#6 {main}
CRITICAL - 2020-09-06 19:53:03 --> Undefined index: images
#0 D:\xampp\htdocs\sisbomberos\app\Controllers\IntranetA.php(34): CodeIgniter\Debug\Exceptions->errorHandler(8, 'Undefined index...', 'D:\\xampp\\htdocs...', 34, Array)
#1 D:\xampp\htdocs\sisbomberos\system\CodeIgniter.php(918): App\Controllers\IntranetA->add()
#2 D:\xampp\htdocs\sisbomberos\system\CodeIgniter.php(404): CodeIgniter\CodeIgniter->runController(Object(App\Controllers\IntranetA))
#3 D:\xampp\htdocs\sisbomberos\system\CodeIgniter.php(312): CodeIgniter\CodeIgniter->handleRequest(NULL, Object(Config\Cache), false)
#4 D:\xampp\htdocs\sisbomberos\index.php(45): CodeIgniter\CodeIgniter->run()
#5 {main}
CRITICAL - 2020-09-06 19:53:46 --> Undefined index: images
#0 D:\xampp\htdocs\sisbomberos\app\Controllers\IntranetA.php(34): CodeIgniter\Debug\Exceptions->errorHandler(8, 'Undefined index...', 'D:\\xampp\\htdocs...', 34, Array)
#1 D:\xampp\htdocs\sisbomberos\system\CodeIgniter.php(918): App\Controllers\IntranetA->add()
#2 D:\xampp\htdocs\sisbomberos\system\CodeIgniter.php(404): CodeIgniter\CodeIgniter->runController(Object(App\Controllers\IntranetA))
#3 D:\xampp\htdocs\sisbomberos\system\CodeIgniter.php(312): CodeIgniter\CodeIgniter->handleRequest(NULL, Object(Config\Cache), false)
#4 D:\xampp\htdocs\sisbomberos\index.php(45): CodeIgniter\CodeIgniter->run()
#5 {main}
CRITICAL - 2020-09-06 19:54:35 --> Undefined index: images
#0 D:\xampp\htdocs\sisbomberos\app\Controllers\IntranetA.php(34): CodeIgniter\Debug\Exceptions->errorHandler(8, 'Undefined index...', 'D:\\xampp\\htdocs...', 34, Array)
#1 D:\xampp\htdocs\sisbomberos\system\CodeIgniter.php(918): App\Controllers\IntranetA->add()
#2 D:\xampp\htdocs\sisbomberos\system\CodeIgniter.php(404): CodeIgniter\CodeIgniter->runController(Object(App\Controllers\IntranetA))
#3 D:\xampp\htdocs\sisbomberos\system\CodeIgniter.php(312): CodeIgniter\CodeIgniter->handleRequest(NULL, Object(Config\Cache), false)
#4 D:\xampp\htdocs\sisbomberos\index.php(45): CodeIgniter\CodeIgniter->run()
#5 {main}
CRITICAL - 2020-09-06 19:56:57 --> Undefined index: images
#0 D:\xampp\htdocs\sisbomberos\app\Controllers\IntranetA.php(34): CodeIgniter\Debug\Exceptions->errorHandler(8, 'Undefined index...', 'D:\\xampp\\htdocs...', 34, Array)
#1 D:\xampp\htdocs\sisbomberos\system\CodeIgniter.php(918): App\Controllers\IntranetA->add()
#2 D:\xampp\htdocs\sisbomberos\system\CodeIgniter.php(404): CodeIgniter\CodeIgniter->runController(Object(App\Controllers\IntranetA))
#3 D:\xampp\htdocs\sisbomberos\system\CodeIgniter.php(312): CodeIgniter\CodeIgniter->handleRequest(NULL, Object(Config\Cache), false)
#4 D:\xampp\htdocs\sisbomberos\index.php(45): CodeIgniter\CodeIgniter->run()
#5 {main}
CRITICAL - 2020-09-06 20:01:04 --> Undefined index: images
#0 D:\xampp\htdocs\sisbomberos\app\Controllers\IntranetA.php(33): CodeIgniter\Debug\Exceptions->errorHandler(8, 'Undefined index...', 'D:\\xampp\\htdocs...', 33, Array)
#1 D:\xampp\htdocs\sisbomberos\system\CodeIgniter.php(918): App\Controllers\IntranetA->add()
#2 D:\xampp\htdocs\sisbomberos\system\CodeIgniter.php(404): CodeIgniter\CodeIgniter->runController(Object(App\Controllers\IntranetA))
#3 D:\xampp\htdocs\sisbomberos\system\CodeIgniter.php(312): CodeIgniter\CodeIgniter->handleRequest(NULL, Object(Config\Cache), false)
#4 D:\xampp\htdocs\sisbomberos\index.php(45): CodeIgniter\CodeIgniter->run()
#5 {main}
CRITICAL - 2020-09-06 20:01:46 --> Cannot use [] for reading
#0 [internal function]: CodeIgniter\Debug\Exceptions->shutdownHandler()
#1 {main}
CRITICAL - 2020-09-06 21:28:09 --> Namespace declaration statement has to be the very first statement or after any declare call in the script
#0 [internal function]: CodeIgniter\Debug\Exceptions->shutdownHandler()
#1 {main}
CRITICAL - 2020-09-06 22:59:26 --> Undefined index: file
#0 D:\xampp\htdocs\sisbomberos\app\Controllers\IntranetA.php(34): CodeIgniter\Debug\Exceptions->errorHandler(8, 'Undefined index...', 'D:\\xampp\\htdocs...', 34, Array)
#1 D:\xampp\htdocs\sisbomberos\system\CodeIgniter.php(918): App\Controllers\IntranetA->add()
#2 D:\xampp\htdocs\sisbomberos\system\CodeIgniter.php(404): CodeIgniter\CodeIgniter->runController(Object(App\Controllers\IntranetA))
#3 D:\xampp\htdocs\sisbomberos\system\CodeIgniter.php(312): CodeIgniter\CodeIgniter->handleRequest(NULL, Object(Config\Cache), false)
#4 D:\xampp\htdocs\sisbomberos\index.php(45): CodeIgniter\CodeIgniter->run()
#5 {main}
CRITICAL - 2020-09-06 22:59:42 --> Undefined index: file
#0 D:\xampp\htdocs\sisbomberos\app\Controllers\IntranetA.php(34): CodeIgniter\Debug\Exceptions->errorHandler(8, 'Undefined index...', 'D:\\xampp\\htdocs...', 34, Array)
#1 D:\xampp\htdocs\sisbomberos\system\CodeIgniter.php(918): App\Controllers\IntranetA->add()
#2 D:\xampp\htdocs\sisbomberos\system\CodeIgniter.php(404): CodeIgniter\CodeIgniter->runController(Object(App\Controllers\IntranetA))
#3 D:\xampp\htdocs\sisbomberos\system\CodeIgniter.php(312): CodeIgniter\CodeIgniter->handleRequest(NULL, Object(Config\Cache), false)
#4 D:\xampp\htdocs\sisbomberos\index.php(45): CodeIgniter\CodeIgniter->run()
#5 {main}
CRITICAL - 2020-09-06 23:04:16 --> syntax error, unexpected '{'
#0 D:\xampp\htdocs\sisbomberos\system\Router\Router.php(195): CodeIgniter\Router\Router->autoRoute('IntranetA/viwag...')
#1 D:\xampp\htdocs\sisbomberos\system\CodeIgniter.php(793): CodeIgniter\Router\Router->handle('IntranetA/viwag...')
#2 D:\xampp\htdocs\sisbomberos\system\CodeIgniter.php(364): CodeIgniter\CodeIgniter->tryToRouteIt(Object(CodeIgniter\Router\RouteCollection))
#3 D:\xampp\htdocs\sisbomberos\system\CodeIgniter.php(312): CodeIgniter\CodeIgniter->handleRequest(NULL, Object(Config\Cache), false)
#4 D:\xampp\htdocs\sisbomberos\index.php(45): CodeIgniter\CodeIgniter->run()
#5 {main}
CRITICAL - 2020-09-06 23:04:39 --> Cannot use isset() on the result of an expression (you can use "null !== expression" instead)
#0 [internal function]: CodeIgniter\Debug\Exceptions->shutdownHandler()
#1 {main}
CRITICAL - 2020-09-06 23:07:00 --> Undefined index: file
#0 D:\xampp\htdocs\sisbomberos\app\Controllers\IntranetA.php(40): CodeIgniter\Debug\Exceptions->errorHandler(8, 'Undefined index...', 'D:\\xampp\\htdocs...', 40, Array)
#1 D:\xampp\htdocs\sisbomberos\system\CodeIgniter.php(918): App\Controllers\IntranetA->add()
#2 D:\xampp\htdocs\sisbomberos\system\CodeIgniter.php(404): CodeIgniter\CodeIgniter->runController(Object(App\Controllers\IntranetA))
#3 D:\xampp\htdocs\sisbomberos\system\CodeIgniter.php(312): CodeIgniter\CodeIgniter->handleRequest(NULL, Object(Config\Cache), false)
#4 D:\xampp\htdocs\sisbomberos\index.php(45): CodeIgniter\CodeIgniter->run()
#5 {main}
CRITICAL - 2020-09-06 23:24:04 --> Undefined variable: img
#0 D:\xampp\htdocs\sisbomberos\app\Controllers\IntranetA.php(35): CodeIgniter\Debug\Exceptions->errorHandler(8, 'Undefined varia...', 'D:\\xampp\\htdocs...', 35, Array)
#1 D:\xampp\htdocs\sisbomberos\system\CodeIgniter.php(918): App\Controllers\IntranetA->add()
#2 D:\xampp\htdocs\sisbomberos\system\CodeIgniter.php(404): CodeIgniter\CodeIgniter->runController(Object(App\Controllers\IntranetA))
#3 D:\xampp\htdocs\sisbomberos\system\CodeIgniter.php(312): CodeIgniter\CodeIgniter->handleRequest(NULL, Object(Config\Cache), false)
#4 D:\xampp\htdocs\sisbomberos\index.php(45): CodeIgniter\CodeIgniter->run()
#5 {main}
CRITICAL - 2020-09-06 23:24:18 --> Undefined variable: img
#0 D:\xampp\htdocs\sisbomberos\app\Controllers\IntranetA.php(35): CodeIgniter\Debug\Exceptions->errorHandler(8, 'Undefined varia...', 'D:\\xampp\\htdocs...', 35, Array)
#1 D:\xampp\htdocs\sisbomberos\system\CodeIgniter.php(918): App\Controllers\IntranetA->add()
#2 D:\xampp\htdocs\sisbomberos\system\CodeIgniter.php(404): CodeIgniter\CodeIgniter->runController(Object(App\Controllers\IntranetA))
#3 D:\xampp\htdocs\sisbomberos\system\CodeIgniter.php(312): CodeIgniter\CodeIgniter->handleRequest(NULL, Object(Config\Cache), false)
#4 D:\xampp\htdocs\sisbomberos\index.php(45): CodeIgniter\CodeIgniter->run()
#5 {main}
CRITICAL - 2020-09-06 23:25:06 --> Undefined index: file
#0 D:\xampp\htdocs\sisbomberos\app\Controllers\IntranetA.php(37): CodeIgniter\Debug\Exceptions->errorHandler(8, 'Undefined index...', 'D:\\xampp\\htdocs...', 37, Array)
#1 D:\xampp\htdocs\sisbomberos\system\CodeIgniter.php(918): App\Controllers\IntranetA->add()
#2 D:\xampp\htdocs\sisbomberos\system\CodeIgniter.php(404): CodeIgniter\CodeIgniter->runController(Object(App\Controllers\IntranetA))
#3 D:\xampp\htdocs\sisbomberos\system\CodeIgniter.php(312): CodeIgniter\CodeIgniter->handleRequest(NULL, Object(Config\Cache), false)
#4 D:\xampp\htdocs\sisbomberos\index.php(45): CodeIgniter\CodeIgniter->run()
#5 {main}
CRITICAL - 2020-09-06 23:25:14 --> Undefined index: file
#0 D:\xampp\htdocs\sisbomberos\app\Controllers\IntranetA.php(37): CodeIgniter\Debug\Exceptions->errorHandler(8, 'Undefined index...', 'D:\\xampp\\htdocs...', 37, Array)
#1 D:\xampp\htdocs\sisbomberos\system\CodeIgniter.php(918): App\Controllers\IntranetA->add()
#2 D:\xampp\htdocs\sisbomberos\system\CodeIgniter.php(404): CodeIgniter\CodeIgniter->runController(Object(App\Controllers\IntranetA))
#3 D:\xampp\htdocs\sisbomberos\system\CodeIgniter.php(312): CodeIgniter\CodeIgniter->handleRequest(NULL, Object(Config\Cache), false)
#4 D:\xampp\htdocs\sisbomberos\index.php(45): CodeIgniter\CodeIgniter->run()
#5 {main}
CRITICAL - 2020-09-06 23:37:37 --> unlink(): http does not allow unlinking
#0 [internal function]: CodeIgniter\Debug\Exceptions->errorHandler(2, 'unlink(): http ...', 'D:\\xampp\\htdocs...', 47, Array)
#1 D:\xampp\htdocs\sisbomberos\app\Controllers\IntranetA.php(47): unlink('http://localhos...')
#2 D:\xampp\htdocs\sisbomberos\system\CodeIgniter.php(918): App\Controllers\IntranetA->add()
#3 D:\xampp\htdocs\sisbomberos\system\CodeIgniter.php(404): CodeIgniter\CodeIgniter->runController(Object(App\Controllers\IntranetA))
#4 D:\xampp\htdocs\sisbomberos\system\CodeIgniter.php(312): CodeIgniter\CodeIgniter->handleRequest(NULL, Object(Config\Cache), false)
#5 D:\xampp\htdocs\sisbomberos\index.php(45): CodeIgniter\CodeIgniter->run()
#6 {main}
CRITICAL - 2020-09-06 23:37:45 --> Undefined index: file
#0 D:\xampp\htdocs\sisbomberos\app\Controllers\IntranetA.php(41): CodeIgniter\Debug\Exceptions->errorHandler(8, 'Undefined index...', 'D:\\xampp\\htdocs...', 41, Array)
#1 D:\xampp\htdocs\sisbomberos\system\CodeIgniter.php(918): App\Controllers\IntranetA->add()
#2 D:\xampp\htdocs\sisbomberos\system\CodeIgniter.php(404): CodeIgniter\CodeIgniter->runController(Object(App\Controllers\IntranetA))
#3 D:\xampp\htdocs\sisbomberos\system\CodeIgniter.php(312): CodeIgniter\CodeIgniter->handleRequest(NULL, Object(Config\Cache), false)
#4 D:\xampp\htdocs\sisbomberos\index.php(45): CodeIgniter\CodeIgniter->run()
#5 {main}
CRITICAL - 2020-09-06 23:40:43 --> Undefined index: file
#0 D:\xampp\htdocs\sisbomberos\app\Controllers\IntranetA.php(43): CodeIgniter\Debug\Exceptions->errorHandler(8, 'Undefined index...', 'D:\\xampp\\htdocs...', 43, Array)
#1 D:\xampp\htdocs\sisbomberos\system\CodeIgniter.php(918): App\Controllers\IntranetA->add()
#2 D:\xampp\htdocs\sisbomberos\system\CodeIgniter.php(404): CodeIgniter\CodeIgniter->runController(Object(App\Controllers\IntranetA))
#3 D:\xampp\htdocs\sisbomberos\system\CodeIgniter.php(312): CodeIgniter\CodeIgniter->handleRequest(NULL, Object(Config\Cache), false)
#4 D:\xampp\htdocs\sisbomberos\index.php(45): CodeIgniter\CodeIgniter->run()
#5 {main}
CRITICAL - 2020-09-06 23:42:14 --> unlink(): http does not allow unlinking
#0 [internal function]: CodeIgniter\Debug\Exceptions->errorHandler(2, 'unlink(): http ...', 'D:\\xampp\\htdocs...', 47, Array)
#1 D:\xampp\htdocs\sisbomberos\app\Controllers\IntranetA.php(47): unlink('http://localhos...')
#2 D:\xampp\htdocs\sisbomberos\system\CodeIgniter.php(918): App\Controllers\IntranetA->add()
#3 D:\xampp\htdocs\sisbomberos\system\CodeIgniter.php(404): CodeIgniter\CodeIgniter->runController(Object(App\Controllers\IntranetA))
#4 D:\xampp\htdocs\sisbomberos\system\CodeIgniter.php(312): CodeIgniter\CodeIgniter->handleRequest(NULL, Object(Config\Cache), false)
#5 D:\xampp\htdocs\sisbomberos\index.php(45): CodeIgniter\CodeIgniter->run()
#6 {main}
CRITICAL - 2020-09-06 23:42:20 --> Undefined index: file
#0 D:\xampp\htdocs\sisbomberos\app\Controllers\IntranetA.php(41): CodeIgniter\Debug\Exceptions->errorHandler(8, 'Undefined index...', 'D:\\xampp\\htdocs...', 41, Array)
#1 D:\xampp\htdocs\sisbomberos\system\CodeIgniter.php(918): App\Controllers\IntranetA->add()
#2 D:\xampp\htdocs\sisbomberos\system\CodeIgniter.php(404): CodeIgniter\CodeIgniter->runController(Object(App\Controllers\IntranetA))
#3 D:\xampp\htdocs\sisbomberos\system\CodeIgniter.php(312): CodeIgniter\CodeIgniter->handleRequest(NULL, Object(Config\Cache), false)
#4 D:\xampp\htdocs\sisbomberos\index.php(45): CodeIgniter\CodeIgniter->run()
#5 {main}
CRITICAL - 2020-09-06 23:43:31 --> unlink(): http does not allow unlinking
#0 [internal function]: CodeIgniter\Debug\Exceptions->errorHandler(2, 'unlink(): http ...', 'D:\\xampp\\htdocs...', 48, Array)
#1 D:\xampp\htdocs\sisbomberos\app\Controllers\IntranetA.php(48): unlink('http://localhos...')
#2 D:\xampp\htdocs\sisbomberos\system\CodeIgniter.php(918): App\Controllers\IntranetA->add()
#3 D:\xampp\htdocs\sisbomberos\system\CodeIgniter.php(404): CodeIgniter\CodeIgniter->runController(Object(App\Controllers\IntranetA))
#4 D:\xampp\htdocs\sisbomberos\system\CodeIgniter.php(312): CodeIgniter\CodeIgniter->handleRequest(NULL, Object(Config\Cache), false)
#5 D:\xampp\htdocs\sisbomberos\index.php(45): CodeIgniter\CodeIgniter->run()
#6 {main}
CRITICAL - 2020-09-06 23:43:35 --> Undefined index: file
#0 D:\xampp\htdocs\sisbomberos\app\Controllers\IntranetA.php(42): CodeIgniter\Debug\Exceptions->errorHandler(8, 'Undefined index...', 'D:\\xampp\\htdocs...', 42, Array)
#1 D:\xampp\htdocs\sisbomberos\system\CodeIgniter.php(918): App\Controllers\IntranetA->add()
#2 D:\xampp\htdocs\sisbomberos\system\CodeIgniter.php(404): CodeIgniter\CodeIgniter->runController(Object(App\Controllers\IntranetA))
#3 D:\xampp\htdocs\sisbomberos\system\CodeIgniter.php(312): CodeIgniter\CodeIgniter->handleRequest(NULL, Object(Config\Cache), false)
#4 D:\xampp\htdocs\sisbomberos\index.php(45): CodeIgniter\CodeIgniter->run()
#5 {main}
CRITICAL - 2020-09-06 23:44:25 --> Undefined index: file
#0 D:\xampp\htdocs\sisbomberos\app\Controllers\IntranetA.php(42): CodeIgniter\Debug\Exceptions->errorHandler(8, 'Undefined index...', 'D:\\xampp\\htdocs...', 42, Array)
#1 D:\xampp\htdocs\sisbomberos\system\CodeIgniter.php(918): App\Controllers\IntranetA->add()
#2 D:\xampp\htdocs\sisbomberos\system\CodeIgniter.php(404): CodeIgniter\CodeIgniter->runController(Object(App\Controllers\IntranetA))
#3 D:\xampp\htdocs\sisbomberos\system\CodeIgniter.php(312): CodeIgniter\CodeIgniter->handleRequest(NULL, Object(Config\Cache), false)
#4 D:\xampp\htdocs\sisbomberos\index.php(45): CodeIgniter\CodeIgniter->run()
#5 {main}
CRITICAL - 2020-09-06 23:44:39 --> Undefined index: file
#0 D:\xampp\htdocs\sisbomberos\app\Controllers\IntranetA.php(42): CodeIgniter\Debug\Exceptions->errorHandler(8, 'Undefined index...', 'D:\\xampp\\htdocs...', 42, Array)
#1 D:\xampp\htdocs\sisbomberos\system\CodeIgniter.php(918): App\Controllers\IntranetA->add()
#2 D:\xampp\htdocs\sisbomberos\system\CodeIgniter.php(404): CodeIgniter\CodeIgniter->runController(Object(App\Controllers\IntranetA))
#3 D:\xampp\htdocs\sisbomberos\system\CodeIgniter.php(312): CodeIgniter\CodeIgniter->handleRequest(NULL, Object(Config\Cache), false)
#4 D:\xampp\htdocs\sisbomberos\index.php(45): CodeIgniter\CodeIgniter->run()
#5 {main}
CRITICAL - 2020-09-06 23:45:05 --> Undefined variable: img
#0 D:\xampp\htdocs\sisbomberos\app\Controllers\IntranetA.php(44): CodeIgniter\Debug\Exceptions->errorHandler(8, 'Undefined varia...', 'D:\\xampp\\htdocs...', 44, Array)
#1 D:\xampp\htdocs\sisbomberos\system\CodeIgniter.php(918): App\Controllers\IntranetA->add()
#2 D:\xampp\htdocs\sisbomberos\system\CodeIgniter.php(404): CodeIgniter\CodeIgniter->runController(Object(App\Controllers\IntranetA))
#3 D:\xampp\htdocs\sisbomberos\system\CodeIgniter.php(312): CodeIgniter\CodeIgniter->handleRequest(NULL, Object(Config\Cache), false)
#4 D:\xampp\htdocs\sisbomberos\index.php(45): CodeIgniter\CodeIgniter->run()
#5 {main}
CRITICAL - 2020-09-06 23:45:12 --> Undefined variable: img
#0 D:\xampp\htdocs\sisbomberos\app\Controllers\IntranetA.php(44): CodeIgniter\Debug\Exceptions->errorHandler(8, 'Undefined varia...', 'D:\\xampp\\htdocs...', 44, Array)
#1 D:\xampp\htdocs\sisbomberos\system\CodeIgniter.php(918): App\Controllers\IntranetA->add()
#2 D:\xampp\htdocs\sisbomberos\system\CodeIgniter.php(404): CodeIgniter\CodeIgniter->runController(Object(App\Controllers\IntranetA))
#3 D:\xampp\htdocs\sisbomberos\system\CodeIgniter.php(312): CodeIgniter\CodeIgniter->handleRequest(NULL, Object(Config\Cache), false)
#4 D:\xampp\htdocs\sisbomberos\index.php(45): CodeIgniter\CodeIgniter->run()
#5 {main}
CRITICAL - 2020-09-06 23:45:41 --> Undefined index: name
#0 D:\xampp\htdocs\sisbomberos\app\Controllers\IntranetA.php(42): CodeIgniter\Debug\Exceptions->errorHandler(8, 'Undefined index...', 'D:\\xampp\\htdocs...', 42, Array)
#1 D:\xampp\htdocs\sisbomberos\system\CodeIgniter.php(918): App\Controllers\IntranetA->add()
#2 D:\xampp\htdocs\sisbomberos\system\CodeIgniter.php(404): CodeIgniter\CodeIgniter->runController(Object(App\Controllers\IntranetA))
#3 D:\xampp\htdocs\sisbomberos\system\CodeIgniter.php(312): CodeIgniter\CodeIgniter->handleRequest(NULL, Object(Config\Cache), false)
#4 D:\xampp\htdocs\sisbomberos\index.php(45): CodeIgniter\CodeIgniter->run()
#5 {main}
CRITICAL - 2020-09-06 23:45:51 --> Undefined index: name
#0 D:\xampp\htdocs\sisbomberos\app\Controllers\IntranetA.php(42): CodeIgniter\Debug\Exceptions->errorHandler(8, 'Undefined index...', 'D:\\xampp\\htdocs...', 42, Array)
#1 D:\xampp\htdocs\sisbomberos\system\CodeIgniter.php(918): App\Controllers\IntranetA->add()
#2 D:\xampp\htdocs\sisbomberos\system\CodeIgniter.php(404): CodeIgniter\CodeIgniter->runController(Object(App\Controllers\IntranetA))
#3 D:\xampp\htdocs\sisbomberos\system\CodeIgniter.php(312): CodeIgniter\CodeIgniter->handleRequest(NULL, Object(Config\Cache), false)
#4 D:\xampp\htdocs\sisbomberos\index.php(45): CodeIgniter\CodeIgniter->run()
#5 {main}
CRITICAL - 2020-09-06 23:46:09 --> unlink(): http does not allow unlinking
#0 [internal function]: CodeIgniter\Debug\Exceptions->errorHandler(2, 'unlink(): http ...', 'D:\\xampp\\htdocs...', 49, Array)
#1 D:\xampp\htdocs\sisbomberos\app\Controllers\IntranetA.php(49): unlink('http://localhos...')
#2 D:\xampp\htdocs\sisbomberos\system\CodeIgniter.php(918): App\Controllers\IntranetA->add()
#3 D:\xampp\htdocs\sisbomberos\system\CodeIgniter.php(404): CodeIgniter\CodeIgniter->runController(Object(App\Controllers\IntranetA))
#4 D:\xampp\htdocs\sisbomberos\system\CodeIgniter.php(312): CodeIgniter\CodeIgniter->handleRequest(NULL, Object(Config\Cache), false)
#5 D:\xampp\htdocs\sisbomberos\index.php(45): CodeIgniter\CodeIgniter->run()
#6 {main}
CRITICAL - 2020-09-06 23:48:40 --> unlink(./public/archivos220px-Kasparov-36.jpg): No such file or directory
#0 [internal function]: CodeIgniter\Debug\Exceptions->errorHandler(2, 'unlink(./public...', 'D:\\xampp\\htdocs...', 50, Array)
#1 D:\xampp\htdocs\sisbomberos\app\Controllers\IntranetA.php(50): unlink('./public/archiv...')
#2 D:\xampp\htdocs\sisbomberos\system\CodeIgniter.php(918): App\Controllers\IntranetA->add()
#3 D:\xampp\htdocs\sisbomberos\system\CodeIgniter.php(404): CodeIgniter\CodeIgniter->runController(Object(App\Controllers\IntranetA))
#4 D:\xampp\htdocs\sisbomberos\system\CodeIgniter.php(312): CodeIgniter\CodeIgniter->handleRequest(NULL, Object(Config\Cache), false)
#5 D:\xampp\htdocs\sisbomberos\index.php(45): CodeIgniter\CodeIgniter->run()
#6 {main}
