CRITICAL - 2020-09-04 21:01:32 --> Undefined index: nombre
#0 C:\xampp\htdocs\sisbomberos\app\Views\admin\menu.php(58): CodeIgniter\Debug\Exceptions->errorHandler(8, 'Undefined index...', 'C:\\xampp\\htdocs...', 58, Array)
#1 C:\xampp\htdocs\sisbomberos\system\View\View.php(246): include('C:\\xampp\\htdocs...')
#2 C:\xampp\htdocs\sisbomberos\system\Common.php(1119): CodeIgniter\View\View->render('admin/menu.php', Array, true)
#3 C:\xampp\htdocs\sisbomberos\app\Controllers\Admin.php(9): view('admin/menu.php')
#4 C:\xampp\htdocs\sisbomberos\system\CodeIgniter.php(918): App\Controllers\Admin->index()
#5 C:\xampp\htdocs\sisbomberos\system\CodeIgniter.php(404): CodeIgniter\CodeIgniter->runController(Object(App\Controllers\Admin))
#6 C:\xampp\htdocs\sisbomberos\system\CodeIgniter.php(312): CodeIgniter\CodeIgniter->handleRequest(NULL, Object(Config\Cache), false)
#7 C:\xampp\htdocs\sisbomberos\index.php(45): CodeIgniter\CodeIgniter->run()
#8 {main}
CRITICAL - 2020-09-04 21:01:37 --> Undefined index: nombre
#0 C:\xampp\htdocs\sisbomberos\app\Views\admin\menu.php(58): CodeIgniter\Debug\Exceptions->errorHandler(8, 'Undefined index...', 'C:\\xampp\\htdocs...', 58, Array)
#1 C:\xampp\htdocs\sisbomberos\system\View\View.php(246): include('C:\\xampp\\htdocs...')
#2 C:\xampp\htdocs\sisbomberos\system\Common.php(1119): CodeIgniter\View\View->render('admin/menu.php', Array, true)
#3 C:\xampp\htdocs\sisbomberos\app\Controllers\Admin.php(9): view('admin/menu.php')
#4 C:\xampp\htdocs\sisbomberos\system\CodeIgniter.php(918): App\Controllers\Admin->index()
#5 C:\xampp\htdocs\sisbomberos\system\CodeIgniter.php(404): CodeIgniter\CodeIgniter->runController(Object(App\Controllers\Admin))
#6 C:\xampp\htdocs\sisbomberos\system\CodeIgniter.php(312): CodeIgniter\CodeIgniter->handleRequest(NULL, Object(Config\Cache), false)
#7 C:\xampp\htdocs\sisbomberos\index.php(45): CodeIgniter\CodeIgniter->run()
#8 {main}
CRITICAL - 2020-09-04 21:01:42 --> Undefined index: nombre
#0 C:\xampp\htdocs\sisbomberos\app\Views\admin\menu.php(58): CodeIgniter\Debug\Exceptions->errorHandler(8, 'Undefined index...', 'C:\\xampp\\htdocs...', 58, Array)
#1 C:\xampp\htdocs\sisbomberos\system\View\View.php(246): include('C:\\xampp\\htdocs...')
#2 C:\xampp\htdocs\sisbomberos\system\Common.php(1119): CodeIgniter\View\View->render('admin/menu.php', Array, true)
#3 C:\xampp\htdocs\sisbomberos\app\Controllers\Admin.php(9): view('admin/menu.php')
#4 C:\xampp\htdocs\sisbomberos\system\CodeIgniter.php(918): App\Controllers\Admin->index()
#5 C:\xampp\htdocs\sisbomberos\system\CodeIgniter.php(404): CodeIgniter\CodeIgniter->runController(Object(App\Controllers\Admin))
#6 C:\xampp\htdocs\sisbomberos\system\CodeIgniter.php(312): CodeIgniter\CodeIgniter->handleRequest(NULL, Object(Config\Cache), false)
#7 C:\xampp\htdocs\sisbomberos\index.php(45): CodeIgniter\CodeIgniter->run()
#8 {main}
