CRITICAL - 2020-09-07 00:28:36 --> unlink(./public/archivos/señora sandalias (2).jpg): No such file or directory
#0 [internal function]: CodeIgniter\Debug\Exceptions->errorHandler(2, 'unlink(./public...', 'D:\\xampp\\htdocs...', 50, Array)
#1 D:\xampp\htdocs\sisbomberos\app\Controllers\IntranetA.php(50): unlink('./public/archiv...')
#2 D:\xampp\htdocs\sisbomberos\system\CodeIgniter.php(918): App\Controllers\IntranetA->add()
#3 D:\xampp\htdocs\sisbomberos\system\CodeIgniter.php(404): CodeIgniter\CodeIgniter->runController(Object(App\Controllers\IntranetA))
#4 D:\xampp\htdocs\sisbomberos\system\CodeIgniter.php(312): CodeIgniter\CodeIgniter->handleRequest(NULL, Object(Config\Cache), false)
#5 D:\xampp\htdocs\sisbomberos\index.php(45): CodeIgniter\CodeIgniter->run()
#6 {main}
CRITICAL - 2020-09-07 02:16:03 --> Undefined index: userName
#0 D:\xampp\htdocs\sisbomberos\app\Controllers\IntranetA.php(43): CodeIgniter\Debug\Exceptions->errorHandler(8, 'Undefined index...', 'D:\\xampp\\htdocs...', 43, Array)
#1 D:\xampp\htdocs\sisbomberos\system\CodeIgniter.php(918): App\Controllers\IntranetA->add()
#2 D:\xampp\htdocs\sisbomberos\system\CodeIgniter.php(404): CodeIgniter\CodeIgniter->runController(Object(App\Controllers\IntranetA))
#3 D:\xampp\htdocs\sisbomberos\system\CodeIgniter.php(312): CodeIgniter\CodeIgniter->handleRequest(NULL, Object(Config\Cache), false)
#4 D:\xampp\htdocs\sisbomberos\index.php(45): CodeIgniter\CodeIgniter->run()
#5 {main}
CRITICAL - 2020-09-07 02:21:57 --> Cannot use object of type CodeIgniter\HTTP\Files\UploadedFile as array
#0 D:\xampp\htdocs\sisbomberos\system\CodeIgniter.php(918): App\Controllers\IntranetA->add()
#1 D:\xampp\htdocs\sisbomberos\system\CodeIgniter.php(404): CodeIgniter\CodeIgniter->runController(Object(App\Controllers\IntranetA))
#2 D:\xampp\htdocs\sisbomberos\system\CodeIgniter.php(312): CodeIgniter\CodeIgniter->handleRequest(NULL, Object(Config\Cache), false)
#3 D:\xampp\htdocs\sisbomberos\index.php(45): CodeIgniter\CodeIgniter->run()
#4 {main}
CRITICAL - 2020-09-07 02:22:16 --> Undefined index: formData
#0 D:\xampp\htdocs\sisbomberos\app\Controllers\IntranetA.php(43): CodeIgniter\Debug\Exceptions->errorHandler(8, 'Undefined index...', 'D:\\xampp\\htdocs...', 43, Array)
#1 D:\xampp\htdocs\sisbomberos\system\CodeIgniter.php(918): App\Controllers\IntranetA->add()
#2 D:\xampp\htdocs\sisbomberos\system\CodeIgniter.php(404): CodeIgniter\CodeIgniter->runController(Object(App\Controllers\IntranetA))
#3 D:\xampp\htdocs\sisbomberos\system\CodeIgniter.php(312): CodeIgniter\CodeIgniter->handleRequest(NULL, Object(Config\Cache), false)
#4 D:\xampp\htdocs\sisbomberos\index.php(45): CodeIgniter\CodeIgniter->run()
#5 {main}
CRITICAL - 2020-09-07 02:22:51 --> Cannot use object of type CodeIgniter\HTTP\Files\UploadedFile as array
#0 D:\xampp\htdocs\sisbomberos\system\CodeIgniter.php(918): App\Controllers\IntranetA->add()
#1 D:\xampp\htdocs\sisbomberos\system\CodeIgniter.php(404): CodeIgniter\CodeIgniter->runController(Object(App\Controllers\IntranetA))
#2 D:\xampp\htdocs\sisbomberos\system\CodeIgniter.php(312): CodeIgniter\CodeIgniter->handleRequest(NULL, Object(Config\Cache), false)
#3 D:\xampp\htdocs\sisbomberos\index.php(45): CodeIgniter\CodeIgniter->run()
#4 {main}
CRITICAL - 2020-09-07 02:33:09 --> Class 'App\Controllers\DateTime' not found
#0 D:\xampp\htdocs\sisbomberos\system\CodeIgniter.php(918): App\Controllers\IntranetA->viwagregar()
#1 D:\xampp\htdocs\sisbomberos\system\CodeIgniter.php(404): CodeIgniter\CodeIgniter->runController(Object(App\Controllers\IntranetA))
#2 D:\xampp\htdocs\sisbomberos\system\CodeIgniter.php(312): CodeIgniter\CodeIgniter->handleRequest(NULL, Object(Config\Cache), false)
#3 D:\xampp\htdocs\sisbomberos\index.php(45): CodeIgniter\CodeIgniter->run()
#4 {main}
CRITICAL - 2020-09-07 02:47:31 --> syntax error, unexpected '$IntranetModel' (T_VARIABLE)
#0 D:\xampp\htdocs\sisbomberos\system\Router\Router.php(195): CodeIgniter\Router\Router->autoRoute('IntranetA/viwag...')
#1 D:\xampp\htdocs\sisbomberos\system\CodeIgniter.php(793): CodeIgniter\Router\Router->handle('IntranetA/viwag...')
#2 D:\xampp\htdocs\sisbomberos\system\CodeIgniter.php(364): CodeIgniter\CodeIgniter->tryToRouteIt(Object(CodeIgniter\Router\RouteCollection))
#3 D:\xampp\htdocs\sisbomberos\system\CodeIgniter.php(312): CodeIgniter\CodeIgniter->handleRequest(NULL, Object(Config\Cache), false)
#4 D:\xampp\htdocs\sisbomberos\index.php(45): CodeIgniter\CodeIgniter->run()
#5 {main}
CRITICAL - 2020-09-07 02:58:14 --> Undefined index: name
#0 D:\xampp\htdocs\sisbomberos\app\Controllers\IntranetA.php(48): CodeIgniter\Debug\Exceptions->errorHandler(8, 'Undefined index...', 'D:\\xampp\\htdocs...', 48, Array)
#1 D:\xampp\htdocs\sisbomberos\system\CodeIgniter.php(918): App\Controllers\IntranetA->add()
#2 D:\xampp\htdocs\sisbomberos\system\CodeIgniter.php(404): CodeIgniter\CodeIgniter->runController(Object(App\Controllers\IntranetA))
#3 D:\xampp\htdocs\sisbomberos\system\CodeIgniter.php(312): CodeIgniter\CodeIgniter->handleRequest(NULL, Object(Config\Cache), false)
#4 D:\xampp\htdocs\sisbomberos\index.php(45): CodeIgniter\CodeIgniter->run()
#5 {main}
CRITICAL - 2020-09-07 03:00:16 --> Could not move file phpFC97.tmp to ./public/archivos/ ()
#0 D:\xampp\htdocs\sisbomberos\system\HTTP\Files\UploadedFile.php(187): CodeIgniter\HTTP\Exceptions\HTTPException::forMoveFailed('phpFC97.tmp', './public/archiv...', '')
#1 D:\xampp\htdocs\sisbomberos\app\Controllers\IntranetA.php(49): CodeIgniter\HTTP\Files\UploadedFile->move('./public/archiv...', 'D:\\xampp\\tmp\\ph...')
#2 D:\xampp\htdocs\sisbomberos\system\CodeIgniter.php(918): App\Controllers\IntranetA->add()
#3 D:\xampp\htdocs\sisbomberos\system\CodeIgniter.php(404): CodeIgniter\CodeIgniter->runController(Object(App\Controllers\IntranetA))
#4 D:\xampp\htdocs\sisbomberos\system\CodeIgniter.php(312): CodeIgniter\CodeIgniter->handleRequest(NULL, Object(Config\Cache), false)
#5 D:\xampp\htdocs\sisbomberos\index.php(45): CodeIgniter\CodeIgniter->run()
#6 {main}
CRITICAL - 2020-09-07 03:02:14 --> Undefined variable: file
#0 D:\xampp\htdocs\sisbomberos\app\Controllers\IntranetA.php(48): CodeIgniter\Debug\Exceptions->errorHandler(8, 'Undefined varia...', 'D:\\xampp\\htdocs...', 48, Array)
#1 D:\xampp\htdocs\sisbomberos\system\CodeIgniter.php(918): App\Controllers\IntranetA->add()
#2 D:\xampp\htdocs\sisbomberos\system\CodeIgniter.php(404): CodeIgniter\CodeIgniter->runController(Object(App\Controllers\IntranetA))
#3 D:\xampp\htdocs\sisbomberos\system\CodeIgniter.php(312): CodeIgniter\CodeIgniter->handleRequest(NULL, Object(Config\Cache), false)
#4 D:\xampp\htdocs\sisbomberos\index.php(45): CodeIgniter\CodeIgniter->run()
#5 {main}
CRITICAL - 2020-09-07 03:02:48 --> Call to a member function getName() on array
#0 D:\xampp\htdocs\sisbomberos\system\CodeIgniter.php(918): App\Controllers\IntranetA->add()
#1 D:\xampp\htdocs\sisbomberos\system\CodeIgniter.php(404): CodeIgniter\CodeIgniter->runController(Object(App\Controllers\IntranetA))
#2 D:\xampp\htdocs\sisbomberos\system\CodeIgniter.php(312): CodeIgniter\CodeIgniter->handleRequest(NULL, Object(Config\Cache), false)
#3 D:\xampp\htdocs\sisbomberos\index.php(45): CodeIgniter\CodeIgniter->run()
#4 {main}
CRITICAL - 2020-09-07 03:09:29 --> Column 'descripcion' cannot be null
#0 D:\xampp\htdocs\sisbomberos\system\Database\MySQLi\Connection.php(331): mysqli->query('INSERT INTO `ar...')
#1 D:\xampp\htdocs\sisbomberos\system\Database\BaseConnection.php(741): CodeIgniter\Database\MySQLi\Connection->execute('INSERT INTO `ar...')
#2 D:\xampp\htdocs\sisbomberos\system\Database\BaseConnection.php(669): CodeIgniter\Database\BaseConnection->simpleQuery('INSERT INTO `ar...')
#3 D:\xampp\htdocs\sisbomberos\system\Database\BaseBuilder.php(2249): CodeIgniter\Database\BaseConnection->query('INSERT INTO `ar...', Array, false)
#4 D:\xampp\htdocs\sisbomberos\system\Model.php(755): CodeIgniter\Database\BaseBuilder->insert()
#5 D:\xampp\htdocs\sisbomberos\app\Controllers\IntranetA.php(52): CodeIgniter\Model->insert(Array)
#6 D:\xampp\htdocs\sisbomberos\system\CodeIgniter.php(918): App\Controllers\IntranetA->add()
#7 D:\xampp\htdocs\sisbomberos\system\CodeIgniter.php(404): CodeIgniter\CodeIgniter->runController(Object(App\Controllers\IntranetA))
#8 D:\xampp\htdocs\sisbomberos\system\CodeIgniter.php(312): CodeIgniter\CodeIgniter->handleRequest(NULL, Object(Config\Cache), false)
#9 D:\xampp\htdocs\sisbomberos\index.php(45): CodeIgniter\CodeIgniter->run()
#10 {main}
CRITICAL - 2020-09-07 03:10:06 --> Undefined index: file
#0 D:\xampp\htdocs\sisbomberos\app\Controllers\IntranetA.php(47): CodeIgniter\Debug\Exceptions->errorHandler(8, 'Undefined index...', 'D:\\xampp\\htdocs...', 47, Array)
#1 D:\xampp\htdocs\sisbomberos\system\CodeIgniter.php(918): App\Controllers\IntranetA->add()
#2 D:\xampp\htdocs\sisbomberos\system\CodeIgniter.php(404): CodeIgniter\CodeIgniter->runController(Object(App\Controllers\IntranetA))
#3 D:\xampp\htdocs\sisbomberos\system\CodeIgniter.php(312): CodeIgniter\CodeIgniter->handleRequest(NULL, Object(Config\Cache), false)
#4 D:\xampp\htdocs\sisbomberos\index.php(45): CodeIgniter\CodeIgniter->run()
#5 {main}
CRITICAL - 2020-09-07 03:11:21 --> Undefined variable: data
#0 D:\xampp\htdocs\sisbomberos\app\Controllers\IntranetA.php(51): CodeIgniter\Debug\Exceptions->errorHandler(8, 'Undefined varia...', 'D:\\xampp\\htdocs...', 51, Array)
#1 D:\xampp\htdocs\sisbomberos\system\CodeIgniter.php(918): App\Controllers\IntranetA->add()
#2 D:\xampp\htdocs\sisbomberos\system\CodeIgniter.php(404): CodeIgniter\CodeIgniter->runController(Object(App\Controllers\IntranetA))
#3 D:\xampp\htdocs\sisbomberos\system\CodeIgniter.php(312): CodeIgniter\CodeIgniter->handleRequest(NULL, Object(Config\Cache), false)
#4 D:\xampp\htdocs\sisbomberos\index.php(45): CodeIgniter\CodeIgniter->run()
#5 {main}
CRITICAL - 2020-09-07 03:13:50 --> Column 'descripcion' cannot be null
#0 D:\xampp\htdocs\sisbomberos\system\Database\MySQLi\Connection.php(331): mysqli->query('INSERT INTO `ar...')
#1 D:\xampp\htdocs\sisbomberos\system\Database\BaseConnection.php(741): CodeIgniter\Database\MySQLi\Connection->execute('INSERT INTO `ar...')
#2 D:\xampp\htdocs\sisbomberos\system\Database\BaseConnection.php(669): CodeIgniter\Database\BaseConnection->simpleQuery('INSERT INTO `ar...')
#3 D:\xampp\htdocs\sisbomberos\system\Database\BaseBuilder.php(2249): CodeIgniter\Database\BaseConnection->query('INSERT INTO `ar...', Array, false)
#4 D:\xampp\htdocs\sisbomberos\system\Model.php(755): CodeIgniter\Database\BaseBuilder->insert()
#5 D:\xampp\htdocs\sisbomberos\app\Controllers\IntranetA.php(53): CodeIgniter\Model->insert(Array)
#6 D:\xampp\htdocs\sisbomberos\system\CodeIgniter.php(918): App\Controllers\IntranetA->add()
#7 D:\xampp\htdocs\sisbomberos\system\CodeIgniter.php(404): CodeIgniter\CodeIgniter->runController(Object(App\Controllers\IntranetA))
#8 D:\xampp\htdocs\sisbomberos\system\CodeIgniter.php(312): CodeIgniter\CodeIgniter->handleRequest(NULL, Object(Config\Cache), false)
#9 D:\xampp\htdocs\sisbomberos\index.php(45): CodeIgniter\CodeIgniter->run()
#10 {main}
CRITICAL - 2020-09-07 03:14:34 --> Column 'descripcion' cannot be null
#0 D:\xampp\htdocs\sisbomberos\system\Database\MySQLi\Connection.php(331): mysqli->query('INSERT INTO `ar...')
#1 D:\xampp\htdocs\sisbomberos\system\Database\BaseConnection.php(741): CodeIgniter\Database\MySQLi\Connection->execute('INSERT INTO `ar...')
#2 D:\xampp\htdocs\sisbomberos\system\Database\BaseConnection.php(669): CodeIgniter\Database\BaseConnection->simpleQuery('INSERT INTO `ar...')
#3 D:\xampp\htdocs\sisbomberos\system\Database\BaseBuilder.php(2249): CodeIgniter\Database\BaseConnection->query('INSERT INTO `ar...', Array, false)
#4 D:\xampp\htdocs\sisbomberos\system\Model.php(755): CodeIgniter\Database\BaseBuilder->insert()
#5 D:\xampp\htdocs\sisbomberos\app\Controllers\IntranetA.php(54): CodeIgniter\Model->insert(Array)
#6 D:\xampp\htdocs\sisbomberos\system\CodeIgniter.php(918): App\Controllers\IntranetA->add()
#7 D:\xampp\htdocs\sisbomberos\system\CodeIgniter.php(404): CodeIgniter\CodeIgniter->runController(Object(App\Controllers\IntranetA))
#8 D:\xampp\htdocs\sisbomberos\system\CodeIgniter.php(312): CodeIgniter\CodeIgniter->handleRequest(NULL, Object(Config\Cache), false)
#9 D:\xampp\htdocs\sisbomberos\index.php(45): CodeIgniter\CodeIgniter->run()
#10 {main}
CRITICAL - 2020-09-07 03:16:15 --> A non-numeric value encountered
#0 D:\xampp\htdocs\sisbomberos\app\Controllers\IntranetA.php(48): CodeIgniter\Debug\Exceptions->errorHandler(2, 'A non-numeric v...', 'D:\\xampp\\htdocs...', 48, Array)
#1 D:\xampp\htdocs\sisbomberos\system\CodeIgniter.php(918): App\Controllers\IntranetA->add()
#2 D:\xampp\htdocs\sisbomberos\system\CodeIgniter.php(404): CodeIgniter\CodeIgniter->runController(Object(App\Controllers\IntranetA))
#3 D:\xampp\htdocs\sisbomberos\system\CodeIgniter.php(312): CodeIgniter\CodeIgniter->handleRequest(NULL, Object(Config\Cache), false)
#4 D:\xampp\htdocs\sisbomberos\index.php(45): CodeIgniter\CodeIgniter->run()
#5 {main}
CRITICAL - 2020-09-07 03:19:33 --> Column 'descripcion' cannot be null
#0 D:\xampp\htdocs\sisbomberos\system\Database\MySQLi\Connection.php(331): mysqli->query('INSERT INTO `ar...')
#1 D:\xampp\htdocs\sisbomberos\system\Database\BaseConnection.php(741): CodeIgniter\Database\MySQLi\Connection->execute('INSERT INTO `ar...')
#2 D:\xampp\htdocs\sisbomberos\system\Database\BaseConnection.php(669): CodeIgniter\Database\BaseConnection->simpleQuery('INSERT INTO `ar...')
#3 D:\xampp\htdocs\sisbomberos\system\Database\BaseBuilder.php(2249): CodeIgniter\Database\BaseConnection->query('INSERT INTO `ar...', Array, false)
#4 D:\xampp\htdocs\sisbomberos\system\Model.php(755): CodeIgniter\Database\BaseBuilder->insert()
#5 D:\xampp\htdocs\sisbomberos\app\Controllers\IntranetA.php(54): CodeIgniter\Model->insert(Array)
#6 D:\xampp\htdocs\sisbomberos\system\CodeIgniter.php(918): App\Controllers\IntranetA->add()
#7 D:\xampp\htdocs\sisbomberos\system\CodeIgniter.php(404): CodeIgniter\CodeIgniter->runController(Object(App\Controllers\IntranetA))
#8 D:\xampp\htdocs\sisbomberos\system\CodeIgniter.php(312): CodeIgniter\CodeIgniter->handleRequest(NULL, Object(Config\Cache), false)
#9 D:\xampp\htdocs\sisbomberos\index.php(45): CodeIgniter\CodeIgniter->run()
#10 {main}
CRITICAL - 2020-09-07 03:20:08 --> Column 'descripcion' cannot be null
#0 D:\xampp\htdocs\sisbomberos\system\Database\MySQLi\Connection.php(331): mysqli->query('INSERT INTO `ar...')
#1 D:\xampp\htdocs\sisbomberos\system\Database\BaseConnection.php(741): CodeIgniter\Database\MySQLi\Connection->execute('INSERT INTO `ar...')
#2 D:\xampp\htdocs\sisbomberos\system\Database\BaseConnection.php(669): CodeIgniter\Database\BaseConnection->simpleQuery('INSERT INTO `ar...')
#3 D:\xampp\htdocs\sisbomberos\system\Database\BaseBuilder.php(2249): CodeIgniter\Database\BaseConnection->query('INSERT INTO `ar...', Array, false)
#4 D:\xampp\htdocs\sisbomberos\system\Model.php(755): CodeIgniter\Database\BaseBuilder->insert()
#5 D:\xampp\htdocs\sisbomberos\app\Controllers\IntranetA.php(52): CodeIgniter\Model->insert(Array)
#6 D:\xampp\htdocs\sisbomberos\system\CodeIgniter.php(918): App\Controllers\IntranetA->add()
#7 D:\xampp\htdocs\sisbomberos\system\CodeIgniter.php(404): CodeIgniter\CodeIgniter->runController(Object(App\Controllers\IntranetA))
#8 D:\xampp\htdocs\sisbomberos\system\CodeIgniter.php(312): CodeIgniter\CodeIgniter->handleRequest(NULL, Object(Config\Cache), false)
#9 D:\xampp\htdocs\sisbomberos\index.php(45): CodeIgniter\CodeIgniter->run()
#10 {main}
CRITICAL - 2020-09-07 03:21:04 --> Column 'descripcion' cannot be null
#0 D:\xampp\htdocs\sisbomberos\system\Database\MySQLi\Connection.php(331): mysqli->query('INSERT INTO `ar...')
#1 D:\xampp\htdocs\sisbomberos\system\Database\BaseConnection.php(741): CodeIgniter\Database\MySQLi\Connection->execute('INSERT INTO `ar...')
#2 D:\xampp\htdocs\sisbomberos\system\Database\BaseConnection.php(669): CodeIgniter\Database\BaseConnection->simpleQuery('INSERT INTO `ar...')
#3 D:\xampp\htdocs\sisbomberos\system\Database\BaseBuilder.php(2249): CodeIgniter\Database\BaseConnection->query('INSERT INTO `ar...', Array, false)
#4 D:\xampp\htdocs\sisbomberos\system\Model.php(755): CodeIgniter\Database\BaseBuilder->insert()
#5 D:\xampp\htdocs\sisbomberos\app\Controllers\IntranetA.php(52): CodeIgniter\Model->insert(Array)
#6 D:\xampp\htdocs\sisbomberos\system\CodeIgniter.php(918): App\Controllers\IntranetA->add()
#7 D:\xampp\htdocs\sisbomberos\system\CodeIgniter.php(404): CodeIgniter\CodeIgniter->runController(Object(App\Controllers\IntranetA))
#8 D:\xampp\htdocs\sisbomberos\system\CodeIgniter.php(312): CodeIgniter\CodeIgniter->handleRequest(NULL, Object(Config\Cache), false)
#9 D:\xampp\htdocs\sisbomberos\index.php(45): CodeIgniter\CodeIgniter->run()
#10 {main}
CRITICAL - 2020-09-07 03:23:00 --> Cannot use object of type CodeIgniter\HTTP\Files\UploadedFile as array
#0 D:\xampp\htdocs\sisbomberos\system\CodeIgniter.php(918): App\Controllers\IntranetA->add()
#1 D:\xampp\htdocs\sisbomberos\system\CodeIgniter.php(404): CodeIgniter\CodeIgniter->runController(Object(App\Controllers\IntranetA))
#2 D:\xampp\htdocs\sisbomberos\system\CodeIgniter.php(312): CodeIgniter\CodeIgniter->handleRequest(NULL, Object(Config\Cache), false)
#3 D:\xampp\htdocs\sisbomberos\index.php(45): CodeIgniter\CodeIgniter->run()
#4 {main}
CRITICAL - 2020-09-07 03:26:17 --> Call to a member function getName() on array
#0 D:\xampp\htdocs\sisbomberos\system\CodeIgniter.php(918): App\Controllers\IntranetA->add()
#1 D:\xampp\htdocs\sisbomberos\system\CodeIgniter.php(404): CodeIgniter\CodeIgniter->runController(Object(App\Controllers\IntranetA))
#2 D:\xampp\htdocs\sisbomberos\system\CodeIgniter.php(312): CodeIgniter\CodeIgniter->handleRequest(NULL, Object(Config\Cache), false)
#3 D:\xampp\htdocs\sisbomberos\index.php(45): CodeIgniter\CodeIgniter->run()
#4 {main}
CRITICAL - 2020-09-07 03:26:43 --> Call to a member function getName() on array
#0 D:\xampp\htdocs\sisbomberos\system\CodeIgniter.php(918): App\Controllers\IntranetA->add()
#1 D:\xampp\htdocs\sisbomberos\system\CodeIgniter.php(404): CodeIgniter\CodeIgniter->runController(Object(App\Controllers\IntranetA))
#2 D:\xampp\htdocs\sisbomberos\system\CodeIgniter.php(312): CodeIgniter\CodeIgniter->handleRequest(NULL, Object(Config\Cache), false)
#3 D:\xampp\htdocs\sisbomberos\index.php(45): CodeIgniter\CodeIgniter->run()
#4 {main}
CRITICAL - 2020-09-07 03:26:54 --> Call to a member function getClientName() on array
#0 D:\xampp\htdocs\sisbomberos\system\CodeIgniter.php(918): App\Controllers\IntranetA->add()
#1 D:\xampp\htdocs\sisbomberos\system\CodeIgniter.php(404): CodeIgniter\CodeIgniter->runController(Object(App\Controllers\IntranetA))
#2 D:\xampp\htdocs\sisbomberos\system\CodeIgniter.php(312): CodeIgniter\CodeIgniter->handleRequest(NULL, Object(Config\Cache), false)
#3 D:\xampp\htdocs\sisbomberos\index.php(45): CodeIgniter\CodeIgniter->run()
#4 {main}
CRITICAL - 2020-09-07 03:27:15 --> Call to a member function getTempName() on array
#0 D:\xampp\htdocs\sisbomberos\system\CodeIgniter.php(918): App\Controllers\IntranetA->add()
#1 D:\xampp\htdocs\sisbomberos\system\CodeIgniter.php(404): CodeIgniter\CodeIgniter->runController(Object(App\Controllers\IntranetA))
#2 D:\xampp\htdocs\sisbomberos\system\CodeIgniter.php(312): CodeIgniter\CodeIgniter->handleRequest(NULL, Object(Config\Cache), false)
#3 D:\xampp\htdocs\sisbomberos\index.php(45): CodeIgniter\CodeIgniter->run()
#4 {main}
CRITICAL - 2020-09-07 03:28:09 --> Undefined variable: imagefile
#0 D:\xampp\htdocs\sisbomberos\app\Controllers\IntranetA.php(47): CodeIgniter\Debug\Exceptions->errorHandler(8, 'Undefined varia...', 'D:\\xampp\\htdocs...', 47, Array)
#1 D:\xampp\htdocs\sisbomberos\system\CodeIgniter.php(918): App\Controllers\IntranetA->add()
#2 D:\xampp\htdocs\sisbomberos\system\CodeIgniter.php(404): CodeIgniter\CodeIgniter->runController(Object(App\Controllers\IntranetA))
#3 D:\xampp\htdocs\sisbomberos\system\CodeIgniter.php(312): CodeIgniter\CodeIgniter->handleRequest(NULL, Object(Config\Cache), false)
#4 D:\xampp\htdocs\sisbomberos\index.php(45): CodeIgniter\CodeIgniter->run()
#5 {main}
CRITICAL - 2020-09-07 03:28:19 --> Undefined variable: imagefile
#0 D:\xampp\htdocs\sisbomberos\app\Controllers\IntranetA.php(47): CodeIgniter\Debug\Exceptions->errorHandler(8, 'Undefined varia...', 'D:\\xampp\\htdocs...', 47, Array)
#1 D:\xampp\htdocs\sisbomberos\system\CodeIgniter.php(918): App\Controllers\IntranetA->add()
#2 D:\xampp\htdocs\sisbomberos\system\CodeIgniter.php(404): CodeIgniter\CodeIgniter->runController(Object(App\Controllers\IntranetA))
#3 D:\xampp\htdocs\sisbomberos\system\CodeIgniter.php(312): CodeIgniter\CodeIgniter->handleRequest(NULL, Object(Config\Cache), false)
#4 D:\xampp\htdocs\sisbomberos\index.php(45): CodeIgniter\CodeIgniter->run()
#5 {main}
