CRITICAL - 2020-09-08 00:39:27 --> Undefined index: file
#0 D:\xampp\htdocs\sisbomberos\app\Controllers\IntranetA.php(48): CodeIgniter\Debug\Exceptions->errorHandler(8, 'Undefined index...', 'D:\\xampp\\htdocs...', 48, Array)
#1 D:\xampp\htdocs\sisbomberos\system\CodeIgniter.php(918): App\Controllers\IntranetA->add()
#2 D:\xampp\htdocs\sisbomberos\system\CodeIgniter.php(404): CodeIgniter\CodeIgniter->runController(Object(App\Controllers\IntranetA))
#3 D:\xampp\htdocs\sisbomberos\system\CodeIgniter.php(312): CodeIgniter\CodeIgniter->handleRequest(NULL, Object(Config\Cache), false)
#4 D:\xampp\htdocs\sisbomberos\index.php(45): CodeIgniter\CodeIgniter->run()
#5 {main}
CRITICAL - 2020-09-08 00:42:00 --> Undefined index: file
#0 D:\xampp\htdocs\sisbomberos\app\Controllers\IntranetA.php(48): CodeIgniter\Debug\Exceptions->errorHandler(8, 'Undefined index...', 'D:\\xampp\\htdocs...', 48, Array)
#1 D:\xampp\htdocs\sisbomberos\system\CodeIgniter.php(918): App\Controllers\IntranetA->add()
#2 D:\xampp\htdocs\sisbomberos\system\CodeIgniter.php(404): CodeIgniter\CodeIgniter->runController(Object(App\Controllers\IntranetA))
#3 D:\xampp\htdocs\sisbomberos\system\CodeIgniter.php(312): CodeIgniter\CodeIgniter->handleRequest(NULL, Object(Config\Cache), false)
#4 D:\xampp\htdocs\sisbomberos\index.php(45): CodeIgniter\CodeIgniter->run()
#5 {main}
CRITICAL - 2020-09-08 00:42:53 --> Undefined index: file
#0 D:\xampp\htdocs\sisbomberos\app\Controllers\IntranetA.php(48): CodeIgniter\Debug\Exceptions->errorHandler(8, 'Undefined index...', 'D:\\xampp\\htdocs...', 48, Array)
#1 D:\xampp\htdocs\sisbomberos\system\CodeIgniter.php(918): App\Controllers\IntranetA->add()
#2 D:\xampp\htdocs\sisbomberos\system\CodeIgniter.php(404): CodeIgniter\CodeIgniter->runController(Object(App\Controllers\IntranetA))
#3 D:\xampp\htdocs\sisbomberos\system\CodeIgniter.php(312): CodeIgniter\CodeIgniter->handleRequest(NULL, Object(Config\Cache), false)
#4 D:\xampp\htdocs\sisbomberos\index.php(45): CodeIgniter\CodeIgniter->run()
#5 {main}
CRITICAL - 2020-09-08 00:44:10 --> Undefined index: file
#0 D:\xampp\htdocs\sisbomberos\app\Controllers\IntranetA.php(48): CodeIgniter\Debug\Exceptions->errorHandler(8, 'Undefined index...', 'D:\\xampp\\htdocs...', 48, Array)
#1 D:\xampp\htdocs\sisbomberos\system\CodeIgniter.php(918): App\Controllers\IntranetA->add()
#2 D:\xampp\htdocs\sisbomberos\system\CodeIgniter.php(404): CodeIgniter\CodeIgniter->runController(Object(App\Controllers\IntranetA))
#3 D:\xampp\htdocs\sisbomberos\system\CodeIgniter.php(312): CodeIgniter\CodeIgniter->handleRequest(NULL, Object(Config\Cache), false)
#4 D:\xampp\htdocs\sisbomberos\index.php(45): CodeIgniter\CodeIgniter->run()
#5 {main}
CRITICAL - 2020-09-08 00:44:51 --> Undefined index: name
#0 D:\xampp\htdocs\sisbomberos\app\Controllers\IntranetA.php(48): CodeIgniter\Debug\Exceptions->errorHandler(8, 'Undefined index...', 'D:\\xampp\\htdocs...', 48, Array)
#1 D:\xampp\htdocs\sisbomberos\system\CodeIgniter.php(918): App\Controllers\IntranetA->add()
#2 D:\xampp\htdocs\sisbomberos\system\CodeIgniter.php(404): CodeIgniter\CodeIgniter->runController(Object(App\Controllers\IntranetA))
#3 D:\xampp\htdocs\sisbomberos\system\CodeIgniter.php(312): CodeIgniter\CodeIgniter->handleRequest(NULL, Object(Config\Cache), false)
#4 D:\xampp\htdocs\sisbomberos\index.php(45): CodeIgniter\CodeIgniter->run()
#5 {main}
CRITICAL - 2020-09-08 00:45:01 --> Undefined index: name
#0 D:\xampp\htdocs\sisbomberos\app\Controllers\IntranetA.php(48): CodeIgniter\Debug\Exceptions->errorHandler(8, 'Undefined index...', 'D:\\xampp\\htdocs...', 48, Array)
#1 D:\xampp\htdocs\sisbomberos\system\CodeIgniter.php(918): App\Controllers\IntranetA->add()
#2 D:\xampp\htdocs\sisbomberos\system\CodeIgniter.php(404): CodeIgniter\CodeIgniter->runController(Object(App\Controllers\IntranetA))
#3 D:\xampp\htdocs\sisbomberos\system\CodeIgniter.php(312): CodeIgniter\CodeIgniter->handleRequest(NULL, Object(Config\Cache), false)
#4 D:\xampp\htdocs\sisbomberos\index.php(45): CodeIgniter\CodeIgniter->run()
#5 {main}
CRITICAL - 2020-09-08 00:50:03 --> Undefined index: file
#0 D:\xampp\htdocs\sisbomberos\app\Controllers\IntranetA.php(48): CodeIgniter\Debug\Exceptions->errorHandler(8, 'Undefined index...', 'D:\\xampp\\htdocs...', 48, Array)
#1 D:\xampp\htdocs\sisbomberos\system\CodeIgniter.php(918): App\Controllers\IntranetA->add()
#2 D:\xampp\htdocs\sisbomberos\system\CodeIgniter.php(404): CodeIgniter\CodeIgniter->runController(Object(App\Controllers\IntranetA))
#3 D:\xampp\htdocs\sisbomberos\system\CodeIgniter.php(312): CodeIgniter\CodeIgniter->handleRequest(NULL, Object(Config\Cache), false)
#4 D:\xampp\htdocs\sisbomberos\index.php(45): CodeIgniter\CodeIgniter->run()
#5 {main}
CRITICAL - 2020-09-08 01:23:47 --> Undefined variable: trabajadores
#0 D:\xampp\htdocs\sisbomberos\app\Controllers\IntranetA.php(74): CodeIgniter\Debug\Exceptions->errorHandler(8, 'Undefined varia...', 'D:\\xampp\\htdocs...', 74, Array)
#1 D:\xampp\htdocs\sisbomberos\system\CodeIgniter.php(918): App\Controllers\IntranetA->add()
#2 D:\xampp\htdocs\sisbomberos\system\CodeIgniter.php(404): CodeIgniter\CodeIgniter->runController(Object(App\Controllers\IntranetA))
#3 D:\xampp\htdocs\sisbomberos\system\CodeIgniter.php(312): CodeIgniter\CodeIgniter->handleRequest(NULL, Object(Config\Cache), false)
#4 D:\xampp\htdocs\sisbomberos\index.php(45): CodeIgniter\CodeIgniter->run()
#5 {main}
CRITICAL - 2020-09-08 01:25:15 --> Duplicate entry '7' for key 'idusuario'
#0 D:\xampp\htdocs\sisbomberos\system\Database\MySQLi\Connection.php(331): mysqli->query('INSERT INTO `de...')
#1 D:\xampp\htdocs\sisbomberos\system\Database\BaseConnection.php(741): CodeIgniter\Database\MySQLi\Connection->execute('INSERT INTO `de...')
#2 D:\xampp\htdocs\sisbomberos\system\Database\BaseConnection.php(669): CodeIgniter\Database\BaseConnection->simpleQuery('INSERT INTO `de...')
#3 D:\xampp\htdocs\sisbomberos\system\Database\BaseBuilder.php(2249): CodeIgniter\Database\BaseConnection->query('INSERT INTO `de...', Array, false)
#4 D:\xampp\htdocs\sisbomberos\system\Model.php(755): CodeIgniter\Database\BaseBuilder->insert()
#5 D:\xampp\htdocs\sisbomberos\app\Controllers\IntranetA.php(75): CodeIgniter\Model->insert(Array)
#6 D:\xampp\htdocs\sisbomberos\system\CodeIgniter.php(918): App\Controllers\IntranetA->add()
#7 D:\xampp\htdocs\sisbomberos\system\CodeIgniter.php(404): CodeIgniter\CodeIgniter->runController(Object(App\Controllers\IntranetA))
#8 D:\xampp\htdocs\sisbomberos\system\CodeIgniter.php(312): CodeIgniter\CodeIgniter->handleRequest(NULL, Object(Config\Cache), false)
#9 D:\xampp\htdocs\sisbomberos\index.php(45): CodeIgniter\CodeIgniter->run()
#10 {main}
CRITICAL - 2020-09-08 01:26:45 --> Duplicate entry '7' for key 'idusuario'
#0 D:\xampp\htdocs\sisbomberos\system\Database\MySQLi\Connection.php(331): mysqli->query('INSERT INTO `de...')
#1 D:\xampp\htdocs\sisbomberos\system\Database\BaseConnection.php(741): CodeIgniter\Database\MySQLi\Connection->execute('INSERT INTO `de...')
#2 D:\xampp\htdocs\sisbomberos\system\Database\BaseConnection.php(669): CodeIgniter\Database\BaseConnection->simpleQuery('INSERT INTO `de...')
#3 D:\xampp\htdocs\sisbomberos\system\Database\BaseBuilder.php(2249): CodeIgniter\Database\BaseConnection->query('INSERT INTO `de...', Array, false)
#4 D:\xampp\htdocs\sisbomberos\system\Model.php(755): CodeIgniter\Database\BaseBuilder->insert()
#5 D:\xampp\htdocs\sisbomberos\app\Controllers\IntranetA.php(75): CodeIgniter\Model->insert(Array)
#6 D:\xampp\htdocs\sisbomberos\system\CodeIgniter.php(918): App\Controllers\IntranetA->add()
#7 D:\xampp\htdocs\sisbomberos\system\CodeIgniter.php(404): CodeIgniter\CodeIgniter->runController(Object(App\Controllers\IntranetA))
#8 D:\xampp\htdocs\sisbomberos\system\CodeIgniter.php(312): CodeIgniter\CodeIgniter->handleRequest(NULL, Object(Config\Cache), false)
#9 D:\xampp\htdocs\sisbomberos\index.php(45): CodeIgniter\CodeIgniter->run()
#10 {main}
CRITICAL - 2020-09-08 01:33:09 --> Duplicate entry '7' for key 'idusuario'
#0 D:\xampp\htdocs\sisbomberos\system\Database\MySQLi\Connection.php(331): mysqli->query('INSERT INTO `de...')
#1 D:\xampp\htdocs\sisbomberos\system\Database\BaseConnection.php(741): CodeIgniter\Database\MySQLi\Connection->execute('INSERT INTO `de...')
#2 D:\xampp\htdocs\sisbomberos\system\Database\BaseConnection.php(669): CodeIgniter\Database\BaseConnection->simpleQuery('INSERT INTO `de...')
#3 D:\xampp\htdocs\sisbomberos\system\Database\BaseBuilder.php(2249): CodeIgniter\Database\BaseConnection->query('INSERT INTO `de...', Array, false)
#4 D:\xampp\htdocs\sisbomberos\system\Model.php(755): CodeIgniter\Database\BaseBuilder->insert()
#5 D:\xampp\htdocs\sisbomberos\app\Controllers\IntranetA.php(75): CodeIgniter\Model->insert(Array)
#6 D:\xampp\htdocs\sisbomberos\system\CodeIgniter.php(918): App\Controllers\IntranetA->add()
#7 D:\xampp\htdocs\sisbomberos\system\CodeIgniter.php(404): CodeIgniter\CodeIgniter->runController(Object(App\Controllers\IntranetA))
#8 D:\xampp\htdocs\sisbomberos\system\CodeIgniter.php(312): CodeIgniter\CodeIgniter->handleRequest(NULL, Object(Config\Cache), false)
#9 D:\xampp\htdocs\sisbomberos\index.php(45): CodeIgniter\CodeIgniter->run()
#10 {main}
CRITICAL - 2020-09-08 03:10:16 --> Undefined index: nombreint
#0 D:\xampp\htdocs\sisbomberos\app\Views\intranet\content.php(34): CodeIgniter\Debug\Exceptions->errorHandler(8, 'Undefined index...', 'D:\\xampp\\htdocs...', 34, Array)
#1 D:\xampp\htdocs\sisbomberos\system\View\View.php(246): include('D:\\xampp\\htdocs...')
#2 D:\xampp\htdocs\sisbomberos\system\Common.php(1119): CodeIgniter\View\View->render('intranet/conten...', Array, true)
#3 D:\xampp\htdocs\sisbomberos\app\Controllers\Intranet.php(11): view('intranet/conten...')
#4 D:\xampp\htdocs\sisbomberos\system\CodeIgniter.php(918): App\Controllers\Intranet->index()
#5 D:\xampp\htdocs\sisbomberos\system\CodeIgniter.php(404): CodeIgniter\CodeIgniter->runController(Object(App\Controllers\Intranet))
#6 D:\xampp\htdocs\sisbomberos\system\CodeIgniter.php(312): CodeIgniter\CodeIgniter->handleRequest(NULL, Object(Config\Cache), false)
#7 D:\xampp\htdocs\sisbomberos\index.php(45): CodeIgniter\CodeIgniter->run()
#8 {main}
CRITICAL - 2020-09-08 03:34:12 --> Class 'App\Controllers\UsuarioModel' not found
#0 D:\xampp\htdocs\sisbomberos\system\CodeIgniter.php(918): App\Controllers\Intranet->archivo()
#1 D:\xampp\htdocs\sisbomberos\system\CodeIgniter.php(404): CodeIgniter\CodeIgniter->runController(Object(App\Controllers\Intranet))
#2 D:\xampp\htdocs\sisbomberos\system\CodeIgniter.php(312): CodeIgniter\CodeIgniter->handleRequest(NULL, Object(Config\Cache), false)
#3 D:\xampp\htdocs\sisbomberos\index.php(45): CodeIgniter\CodeIgniter->run()
#4 {main}
CRITICAL - 2020-09-08 13:34:18 --> Undefined variable: usuario
#0 D:\xampp\htdocs\sisbomberos\app\Controllers\Intranet.php(26): CodeIgniter\Debug\Exceptions->errorHandler(8, 'Undefined varia...', 'D:\\xampp\\htdocs...', 26, Array)
#1 D:\xampp\htdocs\sisbomberos\system\CodeIgniter.php(918): App\Controllers\Intranet->archivo()
#2 D:\xampp\htdocs\sisbomberos\system\CodeIgniter.php(404): CodeIgniter\CodeIgniter->runController(Object(App\Controllers\Intranet))
#3 D:\xampp\htdocs\sisbomberos\system\CodeIgniter.php(312): CodeIgniter\CodeIgniter->handleRequest(NULL, Object(Config\Cache), false)
#4 D:\xampp\htdocs\sisbomberos\index.php(45): CodeIgniter\CodeIgniter->run()
#5 {main}
CRITICAL - 2020-09-08 13:38:01 --> Undefined variable: usuario
#0 D:\xampp\htdocs\sisbomberos\app\Controllers\Intranet.php(26): CodeIgniter\Debug\Exceptions->errorHandler(8, 'Undefined varia...', 'D:\\xampp\\htdocs...', 26, Array)
#1 D:\xampp\htdocs\sisbomberos\system\CodeIgniter.php(918): App\Controllers\Intranet->archivo()
#2 D:\xampp\htdocs\sisbomberos\system\CodeIgniter.php(404): CodeIgniter\CodeIgniter->runController(Object(App\Controllers\Intranet))
#3 D:\xampp\htdocs\sisbomberos\system\CodeIgniter.php(312): CodeIgniter\CodeIgniter->handleRequest(NULL, Object(Config\Cache), false)
#4 D:\xampp\htdocs\sisbomberos\index.php(45): CodeIgniter\CodeIgniter->run()
#5 {main}
CRITICAL - 2020-09-08 13:39:55 --> Undefined variable: session
#0 D:\xampp\htdocs\sisbomberos\app\Controllers\Intranet.php(26): CodeIgniter\Debug\Exceptions->errorHandler(8, 'Undefined varia...', 'D:\\xampp\\htdocs...', 26, Array)
#1 D:\xampp\htdocs\sisbomberos\system\CodeIgniter.php(918): App\Controllers\Intranet->archivo()
#2 D:\xampp\htdocs\sisbomberos\system\CodeIgniter.php(404): CodeIgniter\CodeIgniter->runController(Object(App\Controllers\Intranet))
#3 D:\xampp\htdocs\sisbomberos\system\CodeIgniter.php(312): CodeIgniter\CodeIgniter->handleRequest(NULL, Object(Config\Cache), false)
#4 D:\xampp\htdocs\sisbomberos\index.php(45): CodeIgniter\CodeIgniter->run()
#5 {main}
CRITICAL - 2020-09-08 13:49:18 --> Undefined variable: id
#0 D:\xampp\htdocs\sisbomberos\app\Controllers\Intranet.php(29): CodeIgniter\Debug\Exceptions->errorHandler(8, 'Undefined varia...', 'D:\\xampp\\htdocs...', 29, Array)
#1 D:\xampp\htdocs\sisbomberos\system\CodeIgniter.php(918): App\Controllers\Intranet->archivo()
#2 D:\xampp\htdocs\sisbomberos\system\CodeIgniter.php(404): CodeIgniter\CodeIgniter->runController(Object(App\Controllers\Intranet))
#3 D:\xampp\htdocs\sisbomberos\system\CodeIgniter.php(312): CodeIgniter\CodeIgniter->handleRequest(NULL, Object(Config\Cache), false)
#4 D:\xampp\htdocs\sisbomberos\index.php(45): CodeIgniter\CodeIgniter->run()
#5 {main}
CRITICAL - 2020-09-08 13:56:14 --> Trying to get property 'descripcion' of non-object
#0 D:\xampp\htdocs\sisbomberos\app\Controllers\Intranet.php(34): CodeIgniter\Debug\Exceptions->errorHandler(8, 'Trying to get p...', 'D:\\xampp\\htdocs...', 34, Array)
#1 D:\xampp\htdocs\sisbomberos\system\CodeIgniter.php(918): App\Controllers\Intranet->archivo()
#2 D:\xampp\htdocs\sisbomberos\system\CodeIgniter.php(404): CodeIgniter\CodeIgniter->runController(Object(App\Controllers\Intranet))
#3 D:\xampp\htdocs\sisbomberos\system\CodeIgniter.php(312): CodeIgniter\CodeIgniter->handleRequest(NULL, Object(Config\Cache), false)
#4 D:\xampp\htdocs\sisbomberos\index.php(45): CodeIgniter\CodeIgniter->run()
#5 {main}
CRITICAL - 2020-09-08 14:03:00 --> syntax error, unexpected ';', expecting ')'
#0 D:\xampp\htdocs\sisbomberos\system\Router\Router.php(195): CodeIgniter\Router\Router->autoRoute('Intranet/archiv...')
#1 D:\xampp\htdocs\sisbomberos\system\CodeIgniter.php(793): CodeIgniter\Router\Router->handle('Intranet/archiv...')
#2 D:\xampp\htdocs\sisbomberos\system\CodeIgniter.php(364): CodeIgniter\CodeIgniter->tryToRouteIt(Object(CodeIgniter\Router\RouteCollection))
#3 D:\xampp\htdocs\sisbomberos\system\CodeIgniter.php(312): CodeIgniter\CodeIgniter->handleRequest(NULL, Object(Config\Cache), false)
#4 D:\xampp\htdocs\sisbomberos\index.php(45): CodeIgniter\CodeIgniter->run()
#5 {main}
CRITICAL - 2020-09-08 16:06:06 --> Class 'App\Controllers\IntranetModel' not found
#0 D:\xampp\htdocs\sisbomberos\system\CodeIgniter.php(918): App\Controllers\Intranet->add()
#1 D:\xampp\htdocs\sisbomberos\system\CodeIgniter.php(404): CodeIgniter\CodeIgniter->runController(Object(App\Controllers\Intranet))
#2 D:\xampp\htdocs\sisbomberos\system\CodeIgniter.php(312): CodeIgniter\CodeIgniter->handleRequest(NULL, Object(Config\Cache), false)
#3 D:\xampp\htdocs\sisbomberos\index.php(45): CodeIgniter\CodeIgniter->run()
#4 {main}
CRITICAL - 2020-09-08 23:15:54 --> Column 'descripcion' cannot be null
#0 D:\xampp\htdocs\sisbomberos\system\Database\MySQLi\Connection.php(331): mysqli->query('INSERT INTO `ar...')
#1 D:\xampp\htdocs\sisbomberos\system\Database\BaseConnection.php(741): CodeIgniter\Database\MySQLi\Connection->execute('INSERT INTO `ar...')
#2 D:\xampp\htdocs\sisbomberos\system\Database\BaseConnection.php(669): CodeIgniter\Database\BaseConnection->simpleQuery('INSERT INTO `ar...')
#3 D:\xampp\htdocs\sisbomberos\system\Database\BaseBuilder.php(2249): CodeIgniter\Database\BaseConnection->query('INSERT INTO `ar...', Array, false)
#4 D:\xampp\htdocs\sisbomberos\system\Model.php(755): CodeIgniter\Database\BaseBuilder->insert()
#5 D:\xampp\htdocs\sisbomberos\app\Controllers\Intranet.php(84): CodeIgniter\Model->insert(Array)
#6 D:\xampp\htdocs\sisbomberos\system\CodeIgniter.php(918): App\Controllers\Intranet->add()
#7 D:\xampp\htdocs\sisbomberos\system\CodeIgniter.php(404): CodeIgniter\CodeIgniter->runController(Object(App\Controllers\Intranet))
#8 D:\xampp\htdocs\sisbomberos\system\CodeIgniter.php(312): CodeIgniter\CodeIgniter->handleRequest(NULL, Object(Config\Cache), false)
#9 D:\xampp\htdocs\sisbomberos\index.php(45): CodeIgniter\CodeIgniter->run()
#10 {main}
CRITICAL - 2020-09-08 23:16:42 --> Column 'descripcion' cannot be null
#0 D:\xampp\htdocs\sisbomberos\system\Database\MySQLi\Connection.php(331): mysqli->query('INSERT INTO `ar...')
#1 D:\xampp\htdocs\sisbomberos\system\Database\BaseConnection.php(741): CodeIgniter\Database\MySQLi\Connection->execute('INSERT INTO `ar...')
#2 D:\xampp\htdocs\sisbomberos\system\Database\BaseConnection.php(669): CodeIgniter\Database\BaseConnection->simpleQuery('INSERT INTO `ar...')
#3 D:\xampp\htdocs\sisbomberos\system\Database\BaseBuilder.php(2249): CodeIgniter\Database\BaseConnection->query('INSERT INTO `ar...', Array, false)
#4 D:\xampp\htdocs\sisbomberos\system\Model.php(755): CodeIgniter\Database\BaseBuilder->insert()
#5 D:\xampp\htdocs\sisbomberos\app\Controllers\Intranet.php(84): CodeIgniter\Model->insert(Array)
#6 D:\xampp\htdocs\sisbomberos\system\CodeIgniter.php(918): App\Controllers\Intranet->add()
#7 D:\xampp\htdocs\sisbomberos\system\CodeIgniter.php(404): CodeIgniter\CodeIgniter->runController(Object(App\Controllers\Intranet))
#8 D:\xampp\htdocs\sisbomberos\system\CodeIgniter.php(312): CodeIgniter\CodeIgniter->handleRequest(NULL, Object(Config\Cache), false)
#9 D:\xampp\htdocs\sisbomberos\index.php(45): CodeIgniter\CodeIgniter->run()
#10 {main}
CRITICAL - 2020-09-08 23:19:48 --> Column 'descripcion' cannot be null
#0 D:\xampp\htdocs\sisbomberos\system\Database\MySQLi\Connection.php(331): mysqli->query('INSERT INTO `ar...')
#1 D:\xampp\htdocs\sisbomberos\system\Database\BaseConnection.php(741): CodeIgniter\Database\MySQLi\Connection->execute('INSERT INTO `ar...')
#2 D:\xampp\htdocs\sisbomberos\system\Database\BaseConnection.php(669): CodeIgniter\Database\BaseConnection->simpleQuery('INSERT INTO `ar...')
#3 D:\xampp\htdocs\sisbomberos\system\Database\BaseBuilder.php(2249): CodeIgniter\Database\BaseConnection->query('INSERT INTO `ar...', Array, false)
#4 D:\xampp\htdocs\sisbomberos\system\Model.php(755): CodeIgniter\Database\BaseBuilder->insert()
#5 D:\xampp\htdocs\sisbomberos\app\Controllers\Intranet.php(84): CodeIgniter\Model->insert(Array)
#6 D:\xampp\htdocs\sisbomberos\system\CodeIgniter.php(918): App\Controllers\Intranet->add()
#7 D:\xampp\htdocs\sisbomberos\system\CodeIgniter.php(404): CodeIgniter\CodeIgniter->runController(Object(App\Controllers\Intranet))
#8 D:\xampp\htdocs\sisbomberos\system\CodeIgniter.php(312): CodeIgniter\CodeIgniter->handleRequest(NULL, Object(Config\Cache), false)
#9 D:\xampp\htdocs\sisbomberos\index.php(45): CodeIgniter\CodeIgniter->run()
#10 {main}
CRITICAL - 2020-09-08 23:30:10 --> Call to undefined method App\Models\ArchivoModel::recogerid
#0 D:\xampp\htdocs\sisbomberos\app\Controllers\Intranet.php(85): CodeIgniter\Model->__call('recogerid', Array)
#1 D:\xampp\htdocs\sisbomberos\system\CodeIgniter.php(918): App\Controllers\Intranet->add()
#2 D:\xampp\htdocs\sisbomberos\system\CodeIgniter.php(404): CodeIgniter\CodeIgniter->runController(Object(App\Controllers\Intranet))
#3 D:\xampp\htdocs\sisbomberos\system\CodeIgniter.php(312): CodeIgniter\CodeIgniter->handleRequest(NULL, Object(Config\Cache), false)
#4 D:\xampp\htdocs\sisbomberos\index.php(45): CodeIgniter\CodeIgniter->run()
#5 {main}
CRITICAL - 2020-09-08 23:59:26 --> Object of class App\Models\detalleArchivoModel could not be converted to string
#0 D:\xampp\htdocs\sisbomberos\system\CodeIgniter.php(918): App\Controllers\Intranet->add()
#1 D:\xampp\htdocs\sisbomberos\system\CodeIgniter.php(404): CodeIgniter\CodeIgniter->runController(Object(App\Controllers\Intranet))
#2 D:\xampp\htdocs\sisbomberos\system\CodeIgniter.php(312): CodeIgniter\CodeIgniter->handleRequest(NULL, Object(Config\Cache), false)
#3 D:\xampp\htdocs\sisbomberos\index.php(45): CodeIgniter\CodeIgniter->run()
#4 {main}
