CRITICAL - 2020-09-19 11:24:00 --> Undefined variable: contacto
#0 C:\xampp\htdocs\sisbomberos\app\Views\main\nav\contacto.php(35): CodeIgniter\Debug\Exceptions->errorHandler(8, 'Undefined varia...', 'C:\\xampp\\htdocs...', 35, Array)
#1 C:\xampp\htdocs\sisbomberos\system\View\View.php(246): include('C:\\xampp\\htdocs...')
#2 C:\xampp\htdocs\sisbomberos\system\Common.php(1119): CodeIgniter\View\View->render('main/nav/contac...', Array, true)
#3 C:\xampp\htdocs\sisbomberos\app\Controllers\Contacto.php(9): view('main/nav/contac...')
#4 C:\xampp\htdocs\sisbomberos\system\CodeIgniter.php(918): App\Controllers\Contacto->index()
#5 C:\xampp\htdocs\sisbomberos\system\CodeIgniter.php(404): CodeIgniter\CodeIgniter->runController(Object(App\Controllers\Contacto))
#6 C:\xampp\htdocs\sisbomberos\system\CodeIgniter.php(312): CodeIgniter\CodeIgniter->handleRequest(NULL, Object(Config\Cache), false)
#7 C:\xampp\htdocs\sisbomberos\index.php(45): CodeIgniter\CodeIgniter->run()
#8 {main}
CRITICAL - 2020-09-19 23:52:55 --> Undefined variable: src_opcion_1
#0 C:\xampp\htdocs\sisbomberos\app\Views\main\layout\content.php(28): CodeIgniter\Debug\Exceptions->errorHandler(8, 'Undefined varia...', 'C:\\xampp\\htdocs...', 28, Array)
#1 C:\xampp\htdocs\sisbomberos\system\View\View.php(246): include('C:\\xampp\\htdocs...')
#2 C:\xampp\htdocs\sisbomberos\system\Common.php(1119): CodeIgniter\View\View->render('main/layout/con...', Array, true)
#3 C:\xampp\htdocs\sisbomberos\app\Controllers\Inicio.php(9): view('main/layout/con...', Array)
#4 C:\xampp\htdocs\sisbomberos\system\CodeIgniter.php(918): App\Controllers\Inicio->index()
#5 C:\xampp\htdocs\sisbomberos\system\CodeIgniter.php(404): CodeIgniter\CodeIgniter->runController(Object(App\Controllers\Inicio))
#6 C:\xampp\htdocs\sisbomberos\system\CodeIgniter.php(312): CodeIgniter\CodeIgniter->handleRequest(NULL, Object(Config\Cache), false)
#7 C:\xampp\htdocs\sisbomberos\index.php(45): CodeIgniter\CodeIgniter->run()
#8 {main}
